{"/home/travis/build/npmtest/node-npmtest-spdy/test.js":{"path":"/home/travis/build/npmtest/node-npmtest-spdy/test.js","s":{"1":2,"2":2,"3":2,"4":2,"5":2,"6":2,"7":2,"8":1,"9":2,"10":2,"11":1,"12":1,"13":1,"14":1,"15":2,"16":2,"17":2,"18":2,"19":1,"20":1,"21":2,"22":2,"23":2,"24":1,"25":1,"26":1,"27":1,"28":1,"29":1,"30":1,"31":1,"32":1,"33":1,"34":1,"35":1,"36":1,"37":2,"38":2,"39":1,"40":2,"41":2,"42":1,"43":2,"44":2,"45":1,"46":2,"47":2,"48":1,"49":1,"50":1,"51":1,"52":1},"b":{"1":[2,1,1,1],"2":[1,1,1,1],"3":[1,1],"4":[1,1],"5":[1,1],"6":[1,1],"7":[1,1],"8":[1,1],"9":[1,1,1],"10":[1,1],"11":[1,1],"12":[1,1],"13":[1,1],"14":[1,1],"15":[1,1],"16":[1,1]},"f":{"1":2,"2":2,"3":2,"4":2,"5":2,"6":1,"7":1,"8":2,"9":2,"10":2,"11":2,"12":1},"fnMap":{"1":{"name":"(anonymous_1)","line":12,"loc":{"start":{"line":12,"column":1},"end":{"line":12,"column":13}}},"2":{"name":"(anonymous_2)","line":19,"loc":{"start":{"line":19,"column":5},"end":{"line":19,"column":17}}},"3":{"name":"(anonymous_3)","line":23,"loc":{"start":{"line":23,"column":24},"end":{"line":23,"column":36}}},"4":{"name":"(anonymous_4)","line":61,"loc":{"start":{"line":61,"column":5},"end":{"line":61,"column":17}}},"5":{"name":"(anonymous_5)","line":82,"loc":{"start":{"line":82,"column":5},"end":{"line":82,"column":17}}},"6":{"name":"(anonymous_6)","line":102,"loc":{"start":{"line":102,"column":83},"end":{"line":105,"column":10}},"skip":true},"7":{"name":"(anonymous_7)","line":113,"loc":{"start":{"line":113,"column":77},"end":{"line":116,"column":10}},"skip":true},"8":{"name":"(anonymous_8)","line":129,"loc":{"start":{"line":129,"column":12},"end":{"line":129,"column":40}},"skip":true},"9":{"name":"(anonymous_9)","line":137,"loc":{"start":{"line":137,"column":77},"end":{"line":140,"column":10}},"skip":true},"10":{"name":"(anonymous_10)","line":148,"loc":{"start":{"line":148,"column":83},"end":{"line":151,"column":10}},"skip":true},"11":{"name":"(anonymous_11)","line":159,"loc":{"start":{"line":159,"column":79},"end":{"line":162,"column":10}},"skip":true},"12":{"name":"(anonymous_12)","line":170,"loc":{"start":{"line":170,"column":75},"end":{"line":173,"column":10}},"skip":true}},"statementMap":{"1":{"start":{"line":12,"column":0},"end":{"line":185,"column":5}},"2":{"start":{"line":14,"column":4},"end":{"line":14,"column":14}},"3":{"start":{"line":19,"column":4},"end":{"line":56,"column":9}},"4":{"start":{"line":21,"column":8},"end":{"line":21,"column":19}},"5":{"start":{"line":23,"column":8},"end":{"line":35,"column":13}},"6":{"start":{"line":24,"column":12},"end":{"line":34,"column":13}},"7":{"start":{"line":25,"column":16},"end":{"line":28,"column":30}},"8":{"start":{"line":30,"column":16},"end":{"line":33,"column":27}},"9":{"start":{"line":37,"column":8},"end":{"line":39,"column":21}},"10":{"start":{"line":40,"column":8},"end":{"line":53,"column":9}},"11":{"start":{"line":43,"column":12},"end":{"line":46,"column":14}},"12":{"start":{"line":47,"column":12},"end":{"line":47,"column":18}},"13":{"start":{"line":50,"column":12},"end":{"line":51,"column":46}},"14":{"start":{"line":52,"column":12},"end":{"line":52,"column":18}},"15":{"start":{"line":55,"column":8},"end":{"line":55,"column":35}},"16":{"start":{"line":61,"column":4},"end":{"line":63,"column":9}},"17":{"start":{"line":62,"column":8},"end":{"line":62,"column":15}},"18":{"start":{"line":64,"column":4},"end":{"line":77,"column":5}},"19":{"start":{"line":70,"column":8},"end":{"line":70,"column":14}},"20":{"start":{"line":76,"column":8},"end":{"line":76,"column":14}},"21":{"start":{"line":82,"column":4},"end":{"line":84,"column":9}},"22":{"start":{"line":83,"column":8},"end":{"line":83,"column":15}},"23":{"start":{"line":85,"column":4},"end":{"line":184,"column":5}},"24":{"start":{"line":92,"column":8},"end":{"line":94,"column":63}},"25":{"start":{"line":95,"column":8},"end":{"line":95,"column":14}},"26":{"start":{"line":102,"column":8},"end":{"line":111,"column":10},"skip":true},"27":{"start":{"line":109,"column":12},"end":{"line":109,"column":55},"skip":true},"28":{"start":{"line":110,"column":12},"end":{"line":110,"column":48},"skip":true},"29":{"start":{"line":113,"column":8},"end":{"line":126,"column":10},"skip":true},"30":{"start":{"line":120,"column":12},"end":{"line":120,"column":76},"skip":true},"31":{"start":{"line":121,"column":12},"end":{"line":121,"column":73},"skip":true},"32":{"start":{"line":122,"column":12},"end":{"line":122,"column":74},"skip":true},"33":{"start":{"line":123,"column":12},"end":{"line":123,"column":79},"skip":true},"34":{"start":{"line":124,"column":12},"end":{"line":124,"column":25},"skip":true},"35":{"start":{"line":125,"column":12},"end":{"line":125,"column":45},"skip":true},"36":{"start":{"line":128,"column":8},"end":{"line":135,"column":14},"skip":true},"37":{"start":{"line":133,"column":16},"end":{"line":133,"column":29},"skip":true},"38":{"start":{"line":134,"column":16},"end":{"line":134,"column":55},"skip":true},"39":{"start":{"line":137,"column":8},"end":{"line":146,"column":10},"skip":true},"40":{"start":{"line":144,"column":12},"end":{"line":144,"column":25},"skip":true},"41":{"start":{"line":145,"column":12},"end":{"line":145,"column":45},"skip":true},"42":{"start":{"line":148,"column":8},"end":{"line":157,"column":10},"skip":true},"43":{"start":{"line":155,"column":12},"end":{"line":155,"column":25},"skip":true},"44":{"start":{"line":156,"column":12},"end":{"line":156,"column":48},"skip":true},"45":{"start":{"line":159,"column":8},"end":{"line":168,"column":10},"skip":true},"46":{"start":{"line":166,"column":12},"end":{"line":166,"column":25},"skip":true},"47":{"start":{"line":167,"column":12},"end":{"line":167,"column":46},"skip":true},"48":{"start":{"line":170,"column":8},"end":{"line":179,"column":10},"skip":true},"49":{"start":{"line":177,"column":12},"end":{"line":177,"column":94},"skip":true},"50":{"start":{"line":178,"column":12},"end":{"line":178,"column":48},"skip":true},"51":{"start":{"line":182,"column":8},"end":{"line":182,"column":35},"skip":true},"52":{"start":{"line":183,"column":8},"end":{"line":183,"column":14},"skip":true}},"branchMap":{"1":{"line":25,"type":"binary-expr","locations":[{"start":{"line":25,"column":23},"end":{"line":25,"column":62}},{"start":{"line":26,"column":20},"end":{"line":26,"column":70}},{"start":{"line":27,"column":20},"end":{"line":27,"column":71}},{"start":{"line":28,"column":20},"end":{"line":28,"column":29}}]},"2":{"line":30,"type":"binary-expr","locations":[{"start":{"line":30,"column":23},"end":{"line":30,"column":37}},{"start":{"line":31,"column":20},"end":{"line":31,"column":61}},{"start":{"line":32,"column":20},"end":{"line":32,"column":70}},{"start":{"line":33,"column":20},"end":{"line":33,"column":26}}]},"3":{"line":37,"type":"cond-expr","locations":[{"start":{"line":38,"column":14},"end":{"line":38,"column":20}},{"start":{"line":39,"column":14},"end":{"line":39,"column":20}}]},"4":{"line":40,"type":"switch","locations":[{"start":{"line":42,"column":8},"end":{"line":47,"column":18}},{"start":{"line":49,"column":8},"end":{"line":52,"column":18}}]},"5":{"line":44,"type":"binary-expr","locations":[{"start":{"line":44,"column":16},"end":{"line":44,"column":44}},{"start":{"line":44,"column":48},"end":{"line":44,"column":66}}]},"6":{"line":50,"type":"binary-expr","locations":[{"start":{"line":50,"column":21},"end":{"line":50,"column":49}},{"start":{"line":50,"column":53},"end":{"line":50,"column":72}}]},"7":{"line":64,"type":"switch","locations":[{"start":{"line":69,"column":4},"end":{"line":70,"column":14}},{"start":{"line":75,"column":4},"end":{"line":76,"column":14}}]},"8":{"line":85,"type":"switch","locations":[{"start":{"line":90,"column":4},"end":{"line":95,"column":14}},{"start":{"line":101,"column":4},"end":{"line":183,"column":14},"skip":true}]},"9":{"line":92,"type":"binary-expr","locations":[{"start":{"line":92,"column":18},"end":{"line":92,"column":32}},{"start":{"line":93,"column":12},"end":{"line":93,"column":53}},{"start":{"line":94,"column":12},"end":{"line":94,"column":61}}]},"10":{"line":102,"type":"binary-expr","locations":[{"start":{"line":102,"column":45},"end":{"line":102,"column":79},"skip":true},{"start":{"line":102,"column":83},"end":{"line":111,"column":9},"skip":true}]},"11":{"line":113,"type":"binary-expr","locations":[{"start":{"line":113,"column":42},"end":{"line":113,"column":73},"skip":true},{"start":{"line":113,"column":77},"end":{"line":126,"column":9},"skip":true}]},"12":{"line":128,"type":"binary-expr","locations":[{"start":{"line":128,"column":48},"end":{"line":128,"column":85},"skip":true},{"start":{"line":129,"column":12},"end":{"line":135,"column":13},"skip":true}]},"13":{"line":137,"type":"binary-expr","locations":[{"start":{"line":137,"column":42},"end":{"line":137,"column":73},"skip":true},{"start":{"line":137,"column":77},"end":{"line":146,"column":9},"skip":true}]},"14":{"line":148,"type":"binary-expr","locations":[{"start":{"line":148,"column":45},"end":{"line":148,"column":79},"skip":true},{"start":{"line":148,"column":83},"end":{"line":157,"column":9},"skip":true}]},"15":{"line":159,"type":"binary-expr","locations":[{"start":{"line":159,"column":43},"end":{"line":159,"column":75},"skip":true},{"start":{"line":159,"column":79},"end":{"line":168,"column":9},"skip":true}]},"16":{"line":170,"type":"binary-expr","locations":[{"start":{"line":170,"column":41},"end":{"line":170,"column":71},"skip":true},{"start":{"line":170,"column":75},"end":{"line":179,"column":9},"skip":true}]}},"code":["/* istanbul instrument in package npmtest_spdy */","/*jslint","    bitwise: true,","    browser: true,","    maxerr: 8,","    maxlen: 96,","    node: true,","    nomen: true,","    regexp: true,","    stupid: true","*/","(function () {","    'use strict';","    var local;","","","","    // run shared js-env code - pre-init","    (function () {","        // init local","        local = {};","        // init modeJs","        local.modeJs = (function () {","            try {","                return typeof navigator.userAgent === 'string' &&","                    typeof document.querySelector('body') === 'object' &&","                    typeof XMLHttpRequest.prototype.open === 'function' &&","                    'browser';","            } catch (errorCaughtBrowser) {","                return module.exports &&","                    typeof process.versions.node === 'string' &&","                    typeof require('http').createServer === 'function' &&","                    'node';","            }","        }());","        // init global","        local.global = local.modeJs === 'browser'","            ? window","            : global;","        switch (local.modeJs) {","        // re-init local from window.local","        case 'browser':","            local = local.global.utility2.objectSetDefault(","                local.global.utility2_rollup || local.global.local,","                local.global.utility2","            );","            break;","        // re-init local from example.js","        case 'node':","            local = (local.global.utility2_rollup || require('utility2'))","                .requireExampleJsFromReadme();","            break;","        }","        // export local","        local.global.local = local;","    }());","","","","    // run shared js-env code - function","    (function () {","        return;","    }());","    switch (local.modeJs) {","","","","    // run browser js-env code - function","    case 'browser':","        break;","","","","    // run node js-env code - function","    case 'node':","        break;","    }","","","","    // run shared js-env code - post-init","    (function () {","        return;","    }());","    switch (local.modeJs) {","","","","    // run browser js-env code - post-init","    case 'browser':","        // run tests","        local.nop(local.modeTest &&","            document.querySelector('#testRunButton1') &&","            document.querySelector('#testRunButton1').click());","        break;","","","","    // run node js-env code - post-init","    /* istanbul ignore next */","    case 'node':","        local.testCase_buildApidoc_default = local.testCase_buildApidoc_default || function (","            options,","            onError","        ) {","        /*","         * this function will test buildApidoc's default handling-behavior-behavior","         */","            options = { modulePathList: module.paths };","            local.buildApidoc(options, onError);","        };","","        local.testCase_buildApp_default = local.testCase_buildApp_default || function (","            options,","            onError","        ) {","        /*","         * this function will test buildApp's default handling-behavior-behavior","         */","            local.testCase_buildReadme_default(options, local.onErrorThrow);","            local.testCase_buildLib_default(options, local.onErrorThrow);","            local.testCase_buildTest_default(options, local.onErrorThrow);","            local.testCase_buildCustomOrg_default(options, local.onErrorThrow);","            options = [];","            local.buildApp(options, onError);","        };","","        local.testCase_buildCustomOrg_default = local.testCase_buildCustomOrg_default ||","            function (options, onError) {","            /*","             * this function will test buildCustomOrg's default handling-behavior","             */","                options = {};","                local.buildCustomOrg(options, onError);","            };","","        local.testCase_buildLib_default = local.testCase_buildLib_default || function (","            options,","            onError","        ) {","        /*","         * this function will test buildLib's default handling-behavior","         */","            options = {};","            local.buildLib(options, onError);","        };","","        local.testCase_buildReadme_default = local.testCase_buildReadme_default || function (","            options,","            onError","        ) {","        /*","         * this function will test buildReadme's default handling-behavior-behavior","         */","            options = {};","            local.buildReadme(options, onError);","        };","","        local.testCase_buildTest_default = local.testCase_buildTest_default || function (","            options,","            onError","        ) {","        /*","         * this function will test buildTest's default handling-behavior","         */","            options = {};","            local.buildTest(options, onError);","        };","","        local.testCase_webpage_default = local.testCase_webpage_default || function (","            options,","            onError","        ) {","        /*","         * this function will test webpage's default handling-behavior","         */","            options = { modeCoverageMerge: true, url: local.serverLocalHost + '?modeTest=1' };","            local.browserTest(options, onError);","        };","","        // run test-server","        local.testRunServer(local);","        break;","    }","}());",""],"l":{"12":2,"14":2,"19":2,"21":2,"23":2,"24":2,"25":2,"30":1,"37":2,"40":2,"43":1,"47":1,"50":1,"52":1,"55":2,"61":2,"62":2,"64":2,"70":1,"76":1,"82":2,"83":2,"85":2,"92":1,"95":1,"102":1,"109":1,"110":1,"113":1,"120":1,"121":1,"122":1,"123":1,"124":1,"125":1,"128":1,"133":2,"134":2,"137":1,"144":2,"145":2,"148":1,"155":2,"156":2,"159":1,"166":2,"167":2,"170":1,"177":1,"178":1,"182":1,"183":1}},"/home/travis/build/npmtest/node-npmtest-spdy/lib.npmtest_spdy.js":{"path":"/home/travis/build/npmtest/node-npmtest-spdy/lib.npmtest_spdy.js","s":{"1":2,"2":2,"3":2,"4":2,"5":2,"6":2,"7":2,"8":1,"9":2,"10":2,"11":2,"12":2,"13":1,"14":1,"15":1,"16":1},"b":{"1":[2,1,1,1],"2":[1,1,1,1],"3":[1,1],"4":[2,2],"5":[1,1]},"f":{"1":2,"2":2,"3":2},"fnMap":{"1":{"name":"(anonymous_1)","line":12,"loc":{"start":{"line":12,"column":1},"end":{"line":12,"column":13}}},"2":{"name":"(anonymous_2)","line":19,"loc":{"start":{"line":19,"column":5},"end":{"line":19,"column":17}}},"3":{"name":"(anonymous_3)","line":23,"loc":{"start":{"line":23,"column":24},"end":{"line":23,"column":36}}}},"statementMap":{"1":{"start":{"line":12,"column":0},"end":{"line":53,"column":5}},"2":{"start":{"line":14,"column":4},"end":{"line":14,"column":14}},"3":{"start":{"line":19,"column":4},"end":{"line":52,"column":9}},"4":{"start":{"line":21,"column":8},"end":{"line":21,"column":19}},"5":{"start":{"line":23,"column":8},"end":{"line":35,"column":13}},"6":{"start":{"line":24,"column":12},"end":{"line":34,"column":13}},"7":{"start":{"line":25,"column":16},"end":{"line":28,"column":30}},"8":{"start":{"line":30,"column":16},"end":{"line":33,"column":27}},"9":{"start":{"line":37,"column":8},"end":{"line":39,"column":21}},"10":{"start":{"line":41,"column":8},"end":{"line":41,"column":54}},"11":{"start":{"line":43,"column":8},"end":{"line":43,"column":49}},"12":{"start":{"line":45,"column":8},"end":{"line":51,"column":9}},"13":{"start":{"line":46,"column":12},"end":{"line":46,"column":55}},"14":{"start":{"line":48,"column":12},"end":{"line":48,"column":35}},"15":{"start":{"line":49,"column":12},"end":{"line":49,"column":49}},"16":{"start":{"line":50,"column":12},"end":{"line":50,"column":43}}},"branchMap":{"1":{"line":25,"type":"binary-expr","locations":[{"start":{"line":25,"column":23},"end":{"line":25,"column":62}},{"start":{"line":26,"column":20},"end":{"line":26,"column":70}},{"start":{"line":27,"column":20},"end":{"line":27,"column":71}},{"start":{"line":28,"column":20},"end":{"line":28,"column":29}}]},"2":{"line":30,"type":"binary-expr","locations":[{"start":{"line":30,"column":23},"end":{"line":30,"column":37}},{"start":{"line":31,"column":20},"end":{"line":31,"column":61}},{"start":{"line":32,"column":20},"end":{"line":32,"column":70}},{"start":{"line":33,"column":20},"end":{"line":33,"column":26}}]},"3":{"line":37,"type":"cond-expr","locations":[{"start":{"line":38,"column":14},"end":{"line":38,"column":20}},{"start":{"line":39,"column":14},"end":{"line":39,"column":20}}]},"4":{"line":41,"type":"binary-expr","locations":[{"start":{"line":41,"column":16},"end":{"line":41,"column":44}},{"start":{"line":41,"column":48},"end":{"line":41,"column":53}}]},"5":{"line":45,"type":"if","locations":[{"start":{"line":45,"column":8},"end":{"line":45,"column":8}},{"start":{"line":45,"column":8},"end":{"line":45,"column":8}}]}},"code":["/* istanbul instrument in package npmtest_spdy */","/*jslint","    bitwise: true,","    browser: true,","    maxerr: 8,","    maxlen: 96,","    node: true,","    nomen: true,","    regexp: true,","    stupid: true","*/","(function () {","    'use strict';","    var local;","","","","    // run shared js-env code - pre-init","    (function () {","        // init local","        local = {};","        // init modeJs","        local.modeJs = (function () {","            try {","                return typeof navigator.userAgent === 'string' &&","                    typeof document.querySelector('body') === 'object' &&","                    typeof XMLHttpRequest.prototype.open === 'function' &&","                    'browser';","            } catch (errorCaughtBrowser) {","                return module.exports &&","                    typeof process.versions.node === 'string' &&","                    typeof require('http').createServer === 'function' &&","                    'node';","            }","        }());","        // init global","        local.global = local.modeJs === 'browser'","            ? window","            : global;","        // init utility2_rollup","        local = local.global.utility2_rollup || local;","        // init lib","        local.local = local.npmtest_spdy = local;","        // init exports","        if (local.modeJs === 'browser') {","            local.global.utility2_npmtest_spdy = local;","        } else {","            module.exports = local;","            module.exports.__dirname = __dirname;","            module.exports.module = module;","        }","    }());","}());",""],"l":{"12":2,"14":2,"19":2,"21":2,"23":2,"24":2,"25":2,"30":1,"37":2,"41":2,"43":2,"45":2,"46":1,"48":1,"49":1,"50":1}},"/home/travis/build/npmtest/node-npmtest-spdy/example.js":{"path":"/home/travis/build/npmtest/node-npmtest-spdy/example.js","s":{"1":2,"2":2,"3":2,"4":2,"5":2,"6":2,"7":2,"8":1,"9":2,"10":2,"11":2,"12":2,"13":1,"14":2,"15":2,"16":2,"17":2,"18":2,"19":0,"20":2,"21":1,"22":1,"23":1,"24":1,"25":1,"26":0,"27":0,"28":1,"29":1,"30":2,"31":0,"32":0,"33":0,"34":1,"35":2,"36":2,"37":2,"38":2,"39":2,"40":2,"41":0,"42":2,"43":2,"44":2,"45":1,"46":3,"47":1,"48":1,"49":1,"50":1,"51":1,"52":1,"53":1,"54":1,"55":1,"56":1,"57":0,"58":1,"59":6,"60":6,"61":1,"62":2,"63":0,"64":2,"65":1,"66":1,"67":0,"68":0,"69":0,"70":0,"71":0,"72":0,"73":0,"74":0,"75":0,"76":0,"77":0,"78":0,"79":0,"80":0,"81":0,"82":0,"83":0},"b":{"1":[2,1,1,1],"2":[1,1,1,1],"3":[1,1],"4":[2,2],"5":[1,1],"6":[1,1],"7":[2,0],"8":[2,1,1,1,1,1],"9":[0,2,0],"10":[1,1],"11":[2,1,1],"12":[1,0],"13":[0,2],"14":[2,0,0,0,0,0,0],"15":[0,2],"16":[2,0],"17":[1,1],"18":[0,1],"19":[1,2,0,2],"20":[1,0],"21":[1,1],"22":[0,0],"23":[0,0],"24":[0,0],"25":[0,0],"26":[0,0],"27":[0,0],"28":[0,0]},"f":{"1":2,"2":2,"3":2,"4":2,"5":2,"6":2,"7":2,"8":2,"9":3,"10":1,"11":6,"12":0},"fnMap":{"1":{"name":"(anonymous_1)","line":26,"loc":{"start":{"line":26,"column":1},"end":{"line":26,"column":13}}},"2":{"name":"(anonymous_2)","line":33,"loc":{"start":{"line":33,"column":5},"end":{"line":33,"column":17}}},"3":{"name":"(anonymous_3)","line":37,"loc":{"start":{"line":37,"column":24},"end":{"line":37,"column":36}}},"4":{"name":"(anonymous_4)","line":69,"loc":{"start":{"line":69,"column":31},"end":{"line":69,"column":48}},"skip":true},"5":{"name":"(anonymous_5)","line":78,"loc":{"start":{"line":78,"column":26},"end":{"line":78,"column":45}},"skip":true},"6":{"name":"(anonymous_6)","line":123,"loc":{"start":{"line":123,"column":33},"end":{"line":123,"column":48}},"skip":true},"7":{"name":"(anonymous_7)","line":125,"loc":{"start":{"line":125,"column":27},"end":{"line":125,"column":39}},"skip":true},"8":{"name":"(anonymous_8)","line":133,"loc":{"start":{"line":133,"column":59},"end":{"line":133,"column":74}},"skip":true},"9":{"name":"(anonymous_9)","line":143,"loc":{"start":{"line":143,"column":45},"end":{"line":143,"column":62}},"skip":true},"10":{"name":"(anonymous_10)","line":144,"loc":{"start":{"line":144,"column":73},"end":{"line":144,"column":92}},"skip":true},"11":{"name":"(anonymous_11)","line":272,"loc":{"start":{"line":272,"column":51},"end":{"line":272,"column":77}},"skip":true},"12":{"name":"(anonymous_12)","line":314,"loc":{"start":{"line":314,"column":32},"end":{"line":314,"column":61}},"skip":true}},"statementMap":{"1":{"start":{"line":26,"column":0},"end":{"line":325,"column":5}},"2":{"start":{"line":28,"column":4},"end":{"line":28,"column":14}},"3":{"start":{"line":33,"column":4},"end":{"line":60,"column":9}},"4":{"start":{"line":35,"column":8},"end":{"line":35,"column":19}},"5":{"start":{"line":37,"column":8},"end":{"line":49,"column":13}},"6":{"start":{"line":38,"column":12},"end":{"line":48,"column":13}},"7":{"start":{"line":39,"column":16},"end":{"line":42,"column":30}},"8":{"start":{"line":44,"column":16},"end":{"line":47,"column":27}},"9":{"start":{"line":51,"column":8},"end":{"line":53,"column":21}},"10":{"start":{"line":55,"column":8},"end":{"line":57,"column":45}},"11":{"start":{"line":59,"column":8},"end":{"line":59,"column":35}},"12":{"start":{"line":61,"column":4},"end":{"line":324,"column":5}},"13":{"start":{"line":69,"column":8},"end":{"line":121,"column":10},"skip":true},"14":{"start":{"line":70,"column":12},"end":{"line":88,"column":13},"skip":true},"15":{"start":{"line":76,"column":16},"end":{"line":87,"column":19},"skip":true},"16":{"start":{"line":79,"column":20},"end":{"line":86,"column":21},"skip":true},"17":{"start":{"line":82,"column":24},"end":{"line":82,"column":43},"skip":true},"18":{"start":{"line":83,"column":24},"end":{"line":83,"column":30},"skip":true},"19":{"start":{"line":85,"column":24},"end":{"line":85,"column":49},"skip":true},"20":{"start":{"line":89,"column":12},"end":{"line":107,"column":13},"skip":true},"21":{"start":{"line":92,"column":16},"end":{"line":102,"column":17},"skip":true},"22":{"start":{"line":93,"column":20},"end":{"line":93,"column":86},"skip":true},"23":{"start":{"line":94,"column":20},"end":{"line":95,"column":45},"skip":true},"24":{"start":{"line":96,"column":20},"end":{"line":96,"column":42},"skip":true},"25":{"start":{"line":97,"column":20},"end":{"line":97,"column":48},"skip":true},"26":{"start":{"line":100,"column":20},"end":{"line":100,"column":85},"skip":true},"27":{"start":{"line":101,"column":20},"end":{"line":101,"column":96},"skip":true},"28":{"start":{"line":103,"column":16},"end":{"line":103,"column":22},"skip":true},"29":{"start":{"line":106,"column":16},"end":{"line":106,"column":22},"skip":true},"30":{"start":{"line":108,"column":12},"end":{"line":120,"column":13},"skip":true},"31":{"start":{"line":114,"column":16},"end":{"line":119,"column":17},"skip":true},"32":{"start":{"line":116,"column":20},"end":{"line":116,"column":78},"skip":true},"33":{"start":{"line":118,"column":20},"end":{"line":118,"column":53},"skip":true},"34":{"start":{"line":123,"column":8},"end":{"line":141,"column":11},"skip":true},"35":{"start":{"line":124,"column":12},"end":{"line":124,"column":54},"skip":true},"36":{"start":{"line":125,"column":12},"end":{"line":140,"column":14},"skip":true},"37":{"start":{"line":126,"column":16},"end":{"line":126,"column":28},"skip":true},"38":{"start":{"line":127,"column":16},"end":{"line":127,"column":69},"skip":true},"39":{"start":{"line":128,"column":16},"end":{"line":128,"column":75},"skip":true},"40":{"start":{"line":129,"column":16},"end":{"line":131,"column":17},"skip":true},"41":{"start":{"line":130,"column":20},"end":{"line":130,"column":27},"skip":true},"42":{"start":{"line":133,"column":16},"end":{"line":137,"column":36},"skip":true},"43":{"start":{"line":134,"column":20},"end":{"line":136,"column":55},"skip":true},"44":{"start":{"line":139,"column":16},"end":{"line":139,"column":57},"skip":true},"45":{"start":{"line":143,"column":8},"end":{"line":147,"column":11},"skip":true},"46":{"start":{"line":144,"column":12},"end":{"line":146,"column":15},"skip":true},"47":{"start":{"line":145,"column":16},"end":{"line":145,"column":70},"skip":true},"48":{"start":{"line":149,"column":8},"end":{"line":149,"column":31},"skip":true},"49":{"start":{"line":150,"column":8},"end":{"line":150,"column":14},"skip":true},"50":{"start":{"line":158,"column":8},"end":{"line":158,"column":31},"skip":true},"51":{"start":{"line":160,"column":8},"end":{"line":160,"column":33},"skip":true},"52":{"start":{"line":161,"column":8},"end":{"line":161,"column":37},"skip":true},"53":{"start":{"line":162,"column":8},"end":{"line":162,"column":35},"skip":true},"54":{"start":{"line":164,"column":8},"end":{"line":164,"column":50},"skip":true},"55":{"start":{"line":166,"column":8},"end":{"line":256,"column":2},"skip":true},"56":{"start":{"line":258,"column":8},"end":{"line":286,"column":9},"skip":true},"57":{"start":{"line":259,"column":12},"end":{"line":269,"column":14},"skip":true},"58":{"start":{"line":271,"column":12},"end":{"line":285,"column":19},"skip":true},"59":{"start":{"line":274,"column":20},"end":{"line":274,"column":35},"skip":true},"60":{"start":{"line":275,"column":20},"end":{"line":284,"column":21},"skip":true},"61":{"start":{"line":277,"column":24},"end":{"line":277,"column":64},"skip":true},"62":{"start":{"line":279,"column":24},"end":{"line":279,"column":40},"skip":true},"63":{"start":{"line":281,"column":24},"end":{"line":281,"column":40},"skip":true},"64":{"start":{"line":283,"column":24},"end":{"line":283,"column":39},"skip":true},"65":{"start":{"line":288,"column":8},"end":{"line":290,"column":9},"skip":true},"66":{"start":{"line":289,"column":12},"end":{"line":289,"column":18},"skip":true},"67":{"start":{"line":291,"column":8},"end":{"line":293,"column":54},"skip":true},"68":{"start":{"line":294,"column":8},"end":{"line":301,"column":37},"skip":true},"69":{"start":{"line":302,"column":8},"end":{"line":302,"column":82},"skip":true},"70":{"start":{"line":305,"column":8},"end":{"line":307,"column":9},"skip":true},"71":{"start":{"line":306,"column":12},"end":{"line":306,"column":82},"skip":true},"72":{"start":{"line":309,"column":8},"end":{"line":311,"column":9},"skip":true},"73":{"start":{"line":310,"column":12},"end":{"line":310,"column":18},"skip":true},"74":{"start":{"line":312,"column":8},"end":{"line":312,"column":54},"skip":true},"75":{"start":{"line":313,"column":8},"end":{"line":313,"column":69},"skip":true},"76":{"start":{"line":314,"column":8},"end":{"line":322,"column":36},"skip":true},"77":{"start":{"line":315,"column":12},"end":{"line":315,"column":61},"skip":true},"78":{"start":{"line":316,"column":12},"end":{"line":319,"column":13},"skip":true},"79":{"start":{"line":317,"column":16},"end":{"line":317,"column":75},"skip":true},"80":{"start":{"line":318,"column":16},"end":{"line":318,"column":23},"skip":true},"81":{"start":{"line":320,"column":12},"end":{"line":320,"column":38},"skip":true},"82":{"start":{"line":321,"column":12},"end":{"line":321,"column":27},"skip":true},"83":{"start":{"line":323,"column":8},"end":{"line":323,"column":14},"skip":true}},"branchMap":{"1":{"line":39,"type":"binary-expr","locations":[{"start":{"line":39,"column":23},"end":{"line":39,"column":62}},{"start":{"line":40,"column":20},"end":{"line":40,"column":70}},{"start":{"line":41,"column":20},"end":{"line":41,"column":71}},{"start":{"line":42,"column":20},"end":{"line":42,"column":29}}]},"2":{"line":44,"type":"binary-expr","locations":[{"start":{"line":44,"column":23},"end":{"line":44,"column":37}},{"start":{"line":45,"column":20},"end":{"line":45,"column":61}},{"start":{"line":46,"column":20},"end":{"line":46,"column":70}},{"start":{"line":47,"column":20},"end":{"line":47,"column":26}}]},"3":{"line":51,"type":"cond-expr","locations":[{"start":{"line":52,"column":14},"end":{"line":52,"column":20}},{"start":{"line":53,"column":14},"end":{"line":53,"column":20}}]},"4":{"line":55,"type":"binary-expr","locations":[{"start":{"line":55,"column":16},"end":{"line":55,"column":44}},{"start":{"line":55,"column":49},"end":{"line":57,"column":43}}]},"5":{"line":55,"type":"cond-expr","locations":[{"start":{"line":56,"column":14},"end":{"line":56,"column":48}},{"start":{"line":57,"column":14},"end":{"line":57,"column":43}}]},"6":{"line":61,"type":"switch","locations":[{"start":{"line":68,"column":4},"end":{"line":150,"column":14},"skip":true},{"start":{"line":156,"column":4},"end":{"line":323,"column":14},"skip":true}]},"7":{"line":70,"type":"if","locations":[{"start":{"line":70,"column":12},"end":{"line":70,"column":12},"skip":true},{"start":{"line":70,"column":12},"end":{"line":70,"column":12},"skip":true}]},"8":{"line":70,"type":"binary-expr","locations":[{"start":{"line":70,"column":16},"end":{"line":70,"column":22},"skip":true},{"start":{"line":70,"column":27},"end":{"line":70,"column":32},"skip":true},{"start":{"line":71,"column":20},"end":{"line":71,"column":39},"skip":true},{"start":{"line":72,"column":20},"end":{"line":72,"column":49},"skip":true},{"start":{"line":73,"column":20},"end":{"line":73,"column":58},"skip":true},{"start":{"line":74,"column":20},"end":{"line":74,"column":69},"skip":true}]},"9":{"line":79,"type":"switch","locations":[{"start":{"line":80,"column":20},"end":{"line":80,"column":33},"skip":true},{"start":{"line":81,"column":20},"end":{"line":83,"column":30},"skip":true},{"start":{"line":84,"column":20},"end":{"line":85,"column":49},"skip":true}]},"10":{"line":89,"type":"switch","locations":[{"start":{"line":90,"column":12},"end":{"line":103,"column":22},"skip":true},{"start":{"line":105,"column":12},"end":{"line":106,"column":22},"skip":true}]},"11":{"line":89,"type":"binary-expr","locations":[{"start":{"line":89,"column":20},"end":{"line":89,"column":25},"skip":true},{"start":{"line":89,"column":29},"end":{"line":89,"column":48},"skip":true},{"start":{"line":89,"column":52},"end":{"line":89,"column":74},"skip":true}]},"12":{"line":92,"type":"if","locations":[{"start":{"line":92,"column":16},"end":{"line":92,"column":16},"skip":true},{"start":{"line":92,"column":16},"end":{"line":92,"column":16},"skip":true}]},"13":{"line":108,"type":"if","locations":[{"start":{"line":108,"column":12},"end":{"line":108,"column":12},"skip":true},{"start":{"line":108,"column":12},"end":{"line":108,"column":12},"skip":true}]},"14":{"line":108,"type":"binary-expr","locations":[{"start":{"line":108,"column":16},"end":{"line":108,"column":61},"skip":true},{"start":{"line":108,"column":66},"end":{"line":108,"column":72},"skip":true},{"start":{"line":108,"column":77},"end":{"line":108,"column":82},"skip":true},{"start":{"line":109,"column":20},"end":{"line":109,"column":39},"skip":true},{"start":{"line":110,"column":20},"end":{"line":110,"column":49},"skip":true},{"start":{"line":111,"column":20},"end":{"line":111,"column":58},"skip":true},{"start":{"line":112,"column":20},"end":{"line":112,"column":68},"skip":true}]},"15":{"line":129,"type":"if","locations":[{"start":{"line":129,"column":16},"end":{"line":129,"column":16},"skip":true},{"start":{"line":129,"column":16},"end":{"line":129,"column":16},"skip":true}]},"16":{"line":134,"type":"cond-expr","locations":[{"start":{"line":135,"column":26},"end":{"line":135,"column":29},"skip":true},{"start":{"line":136,"column":26},"end":{"line":136,"column":54},"skip":true}]},"17":{"line":164,"type":"binary-expr","locations":[{"start":{"line":164,"column":27},"end":{"line":164,"column":43},"skip":true},{"start":{"line":164,"column":47},"end":{"line":164,"column":49},"skip":true}]},"18":{"line":258,"type":"if","locations":[{"start":{"line":258,"column":8},"end":{"line":258,"column":8},"skip":true},{"start":{"line":258,"column":8},"end":{"line":258,"column":8},"skip":true}]},"19":{"line":275,"type":"switch","locations":[{"start":{"line":276,"column":20},"end":{"line":277,"column":64},"skip":true},{"start":{"line":278,"column":20},"end":{"line":279,"column":40},"skip":true},{"start":{"line":280,"column":20},"end":{"line":281,"column":40},"skip":true},{"start":{"line":282,"column":20},"end":{"line":283,"column":39},"skip":true}]},"20":{"line":288,"type":"if","locations":[{"start":{"line":288,"column":8},"end":{"line":288,"column":8},"skip":true},{"start":{"line":288,"column":8},"end":{"line":288,"column":8},"skip":true}]},"21":{"line":288,"type":"binary-expr","locations":[{"start":{"line":288,"column":12},"end":{"line":288,"column":40},"skip":true},{"start":{"line":288,"column":44},"end":{"line":288,"column":67},"skip":true}]},"22":{"line":292,"type":"binary-expr","locations":[{"start":{"line":292,"column":12},"end":{"line":292,"column":50},"skip":true},{"start":{"line":293,"column":12},"end":{"line":293,"column":53},"skip":true}]},"23":{"line":295,"type":"binary-expr","locations":[{"start":{"line":295,"column":12},"end":{"line":295,"column":62},"skip":true},{"start":{"line":296,"column":12},"end":{"line":301,"column":36},"skip":true}]},"24":{"line":302,"type":"binary-expr","locations":[{"start":{"line":302,"column":43},"end":{"line":302,"column":75},"skip":true},{"start":{"line":302,"column":79},"end":{"line":302,"column":81},"skip":true}]},"25":{"line":305,"type":"if","locations":[{"start":{"line":305,"column":8},"end":{"line":305,"column":8},"skip":true},{"start":{"line":305,"column":8},"end":{"line":305,"column":8},"skip":true}]},"26":{"line":309,"type":"if","locations":[{"start":{"line":309,"column":8},"end":{"line":309,"column":8},"skip":true},{"start":{"line":309,"column":8},"end":{"line":309,"column":8},"skip":true}]},"27":{"line":312,"type":"binary-expr","locations":[{"start":{"line":312,"column":27},"end":{"line":312,"column":43},"skip":true},{"start":{"line":312,"column":47},"end":{"line":312,"column":53},"skip":true}]},"28":{"line":316,"type":"if","locations":[{"start":{"line":316,"column":12},"end":{"line":316,"column":12},"skip":true},{"start":{"line":316,"column":12},"end":{"line":316,"column":12},"skip":true}]}},"code":["/*","example.js","","quickstart example","","instruction","    1. save this script as example.js","    2. run the shell command:","        $ npm install npmtest-spdy && PORT=8081 node example.js","    3. play with the browser-demo on http://127.0.0.1:8081","*/","","","","/* istanbul instrument in package npmtest_spdy */","/*jslint","    bitwise: true,","    browser: true,","    maxerr: 8,","    maxlen: 96,","    node: true,","    nomen: true,","    regexp: true,","    stupid: true","*/","(function () {","    'use strict';","    var local;","","","","    // run shared js-env code - pre-init","    (function () {","        // init local","        local = {};","        // init modeJs","        local.modeJs = (function () {","            try {","                return typeof navigator.userAgent === 'string' &&","                    typeof document.querySelector('body') === 'object' &&","                    typeof XMLHttpRequest.prototype.open === 'function' &&","                    'browser';","            } catch (errorCaughtBrowser) {","                return module.exports &&","                    typeof process.versions.node === 'string' &&","                    typeof require('http').createServer === 'function' &&","                    'node';","            }","        }());","        // init global","        local.global = local.modeJs === 'browser'","            ? window","            : global;","        // init utility2_rollup","        local = local.global.utility2_rollup || (local.modeJs === 'browser'","            ? local.global.utility2_npmtest_spdy","            : global.utility2_moduleExports);","        // export local","        local.global.local = local;","    }());","    switch (local.modeJs) {","","","","    // post-init","    // run browser js-env code - post-init","    /* istanbul ignore next */","    case 'browser':","        local.testRunBrowser = function (event) {","            if (!event || (event &&","                    event.currentTarget &&","                    event.currentTarget.className &&","                    event.currentTarget.className.includes &&","                    event.currentTarget.className.includes('onreset'))) {","                // reset output","                Array.from(","                    document.querySelectorAll('body > .resettable')","                ).forEach(function (element) {","                    switch (element.tagName) {","                    case 'INPUT':","                    case 'TEXTAREA':","                        element.value = '';","                        break;","                    default:","                        element.textContent = '';","                    }","                });","            }","            switch (event && event.currentTarget && event.currentTarget.id) {","            case 'testRunButton1':","                // show tests","                if (document.querySelector('#testReportDiv1').style.display === 'none') {","                    document.querySelector('#testReportDiv1').style.display = 'block';","                    document.querySelector('#testRunButton1').textContent =","                        'hide internal test';","                    local.modeTest = true;","                    local.testRunDefault(local);","                // hide tests","                } else {","                    document.querySelector('#testReportDiv1').style.display = 'none';","                    document.querySelector('#testRunButton1').textContent = 'run internal test';","                }","                break;","            // custom-case","            default:","                break;","            }","            if (document.querySelector('#inputTextareaEval1') && (!event || (event &&","                    event.currentTarget &&","                    event.currentTarget.className &&","                    event.currentTarget.className.includes &&","                    event.currentTarget.className.includes('oneval')))) {","                // try to eval input-code","                try {","                    /*jslint evil: true*/","                    eval(document.querySelector('#inputTextareaEval1').value);","                } catch (errorCaught) {","                    console.error(errorCaught.stack);","                }","            }","        };","        // log stderr and stdout to #outputTextareaStdout1","        ['error', 'log'].forEach(function (key) {","            console[key + '_original'] = console[key];","            console[key] = function () {","                var element;","                console[key + '_original'].apply(console, arguments);","                element = document.querySelector('#outputTextareaStdout1');","                if (!element) {","                    return;","                }","                // append text to #outputTextareaStdout1","                element.value += Array.from(arguments).map(function (arg) {","                    return typeof arg === 'string'","                        ? arg","                        : JSON.stringify(arg, null, 4);","                }).join(' ') + '\\n';","                // scroll textarea to bottom","                element.scrollTop = element.scrollHeight;","            };","        });","        // init event-handling","        ['change', 'click', 'keyup'].forEach(function (event) {","            Array.from(document.querySelectorAll('.on' + event)).forEach(function (element) {","                element.addEventListener(event, local.testRunBrowser);","            });","        });","        // run tests","        local.testRunBrowser();","        break;","","","","    // run node js-env code - post-init","    /* istanbul ignore next */","    case 'node':","        // export local","        module.exports = local;","        // require modules","        local.fs = require('fs');","        local.http = require('http');","        local.url = require('url');","        // init assets","        local.assetsDict = local.assetsDict || {};","        /* jslint-ignore-begin */","        local.assetsDict['/assets.index.template.html'] = '\\","<!doctype html>\\n\\","<html lang=\"en\">\\n\\","<head>\\n\\","<meta charset=\"UTF-8\">\\n\\","<meta name=\"viewport\" content=\"width=device-width, initial-scale=1\">\\n\\","<title>{{env.npm_package_name}} (v{{env.npm_package_version}})</title>\\n\\","<style>\\n\\","/*csslint\\n\\","    box-sizing: false,\\n\\","    universal-selector: false\\n\\","*/\\n\\","* {\\n\\","    box-sizing: border-box;\\n\\","}\\n\\","body {\\n\\","    background: #dde;\\n\\","    font-family: Arial, Helvetica, sans-serif;\\n\\","    margin: 2rem;\\n\\","}\\n\\","body > * {\\n\\","    margin-bottom: 1rem;\\n\\","}\\n\\",".utility2FooterDiv {\\n\\","    margin-top: 20px;\\n\\","    text-align: center;\\n\\","}\\n\\","</style>\\n\\","<style>\\n\\","/*csslint\\n\\","*/\\n\\","textarea {\\n\\","    font-family: monospace;\\n\\","    height: 10rem;\\n\\","    width: 100%;\\n\\","}\\n\\","textarea[readonly] {\\n\\","    background: #ddd;\\n\\","}\\n\\","</style>\\n\\","</head>\\n\\","<body>\\n\\","<!-- utility2-comment\\n\\","<div id=\"ajaxProgressDiv1\" style=\"background: #d00; height: 2px; left: 0; margin: 0; padding: 0; position: fixed; top: 0; transition: background 0.5s, width 1.5s; width: 25%;\"></div>\\n\\","utility2-comment -->\\n\\","<h1>\\n\\","<!-- utility2-comment\\n\\","    <a\\n\\","        {{#if env.npm_package_homepage}}\\n\\","        href=\"{{env.npm_package_homepage}}\"\\n\\","        {{/if env.npm_package_homepage}}\\n\\","        target=\"_blank\"\\n\\","    >\\n\\","utility2-comment -->\\n\\","        {{env.npm_package_name}} (v{{env.npm_package_version}})\\n\\","<!-- utility2-comment\\n\\","    </a>\\n\\","utility2-comment -->\\n\\","</h1>\\n\\","<h3>{{env.npm_package_description}}</h3>\\n\\","<!-- utility2-comment\\n\\","<h4><a download href=\"assets.app.js\">download standalone app</a></h4>\\n\\","<button class=\"onclick onreset\" id=\"testRunButton1\">run internal test</button><br>\\n\\","<div id=\"testReportDiv1\" style=\"display: none;\"></div>\\n\\","utility2-comment -->\\n\\","\\n\\","\\n\\","\\n\\","<label>stderr and stdout</label>\\n\\","<textarea class=\"resettable\" id=\"outputTextareaStdout1\" readonly></textarea>\\n\\","<!-- utility2-comment\\n\\","{{#if isRollup}}\\n\\","<script src=\"assets.app.js\"></script>\\n\\","{{#unless isRollup}}\\n\\","utility2-comment -->\\n\\","<script src=\"assets.utility2.rollup.js\"></script>\\n\\","<script src=\"jsonp.utility2._stateInit?callback=window.utility2._stateInit\"></script>\\n\\","<script src=\"assets.npmtest_spdy.rollup.js\"></script>\\n\\","<script src=\"assets.example.js\"></script>\\n\\","<script src=\"assets.test.js\"></script>\\n\\","<!-- utility2-comment\\n\\","{{/if isRollup}}\\n\\","utility2-comment -->\\n\\","<div class=\"utility2FooterDiv\">\\n\\","    [ this app was created with\\n\\","    <a href=\"https://github.com/kaizhu256/node-utility2\" target=\"_blank\">utility2</a>\\n\\","    ]\\n\\","</div>\\n\\","</body>\\n\\","</html>\\n\\","';","        /* jslint-ignore-end */","        if (local.templateRender) {","            local.assetsDict['/'] = local.templateRender(","                local.assetsDict['/assets.index.template.html'],","                {","                    env: local.objectSetDefault(local.env, {","                        npm_package_description: 'the greatest app in the world!',","                        npm_package_name: 'my-app',","                        npm_package_nameAlias: 'my_app',","                        npm_package_version: '0.0.1'","                    })","                }","            );","        } else {","            local.assetsDict['/'] = local.assetsDict['/assets.index.template.html']","                .replace((/\\{\\{env\\.(\\w+?)\\}\\}/g), function (match0, match1) {","                    // jslint-hack","                    String(match0);","                    switch (match1) {","                    case 'npm_package_description':","                        return 'the greatest app in the world!';","                    case 'npm_package_name':","                        return 'my-app';","                    case 'npm_package_nameAlias':","                        return 'my_app';","                    case 'npm_package_version':","                        return '0.0.1';","                    }","                });","        }","        // run the cli","        if (local.global.utility2_rollup || module !== require.main) {","            break;","        }","        local.assetsDict['/assets.example.js'] =","            local.assetsDict['/assets.example.js'] ||","            local.fs.readFileSync(__filename, 'utf8');","        local.assetsDict['/assets.npmtest_spdy.rollup.js'] =","            local.assetsDict['/assets.npmtest_spdy.rollup.js'] ||","            local.fs.readFileSync(","                // buildCustomOrg-hack","                local.npmtest_spdy.__dirname +","                    '/lib.npmtest_spdy.js',","                'utf8'","            ).replace((/^#!/), '//');","        local.assetsDict['/favicon.ico'] = local.assetsDict['/favicon.ico'] || '';","        // if $npm_config_timeout_exit exists,","        // then exit this process after $npm_config_timeout_exit ms","        if (Number(process.env.npm_config_timeout_exit)) {","            setTimeout(process.exit, Number(process.env.npm_config_timeout_exit));","        }","        // start server","        if (local.global.utility2_serverHttp1) {","            break;","        }","        process.env.PORT = process.env.PORT || '8081';","        console.error('server starting on port ' + process.env.PORT);","        local.http.createServer(function (request, response) {","            request.urlParsed = local.url.parse(request.url);","            if (local.assetsDict[request.urlParsed.pathname] !== undefined) {","                response.end(local.assetsDict[request.urlParsed.pathname]);","                return;","            }","            response.statusCode = 404;","            response.end();","        }).listen(process.env.PORT);","        break;","    }","}());",""],"l":{"26":2,"28":2,"33":2,"35":2,"37":2,"38":2,"39":2,"44":1,"51":2,"55":2,"59":2,"61":2,"69":1,"70":2,"76":2,"79":2,"82":2,"83":2,"85":1,"89":2,"92":1,"93":1,"94":1,"96":1,"97":1,"100":1,"101":1,"103":1,"106":1,"108":2,"114":1,"116":1,"118":1,"123":1,"124":2,"125":2,"126":2,"127":2,"128":2,"129":2,"130":1,"133":2,"134":2,"139":2,"143":1,"144":3,"145":1,"149":1,"150":1,"158":1,"160":1,"161":1,"162":1,"164":1,"166":1,"258":1,"259":1,"271":1,"274":6,"275":6,"277":1,"279":2,"281":1,"283":2,"288":1,"289":1,"291":1,"294":1,"302":1,"305":1,"306":1,"309":1,"310":1,"312":1,"313":1,"314":1,"315":1,"316":1,"317":1,"318":1,"320":1,"321":1,"323":1}},"/home/travis/build/npmtest/node-npmtest-spdy/spdy/lib/spdy.js":{"path":"/home/travis/build/npmtest/node-npmtest-spdy/spdy/lib/spdy.js","s":{"1":1,"2":1,"3":1,"4":1,"5":1,"6":1,"7":1,"8":1,"9":1,"10":1,"11":1,"12":1},"b":{},"f":{},"fnMap":{},"statementMap":{"1":{"start":{"line":3,"column":0},"end":{"line":3,"column":19}},"2":{"start":{"line":6,"column":0},"end":{"line":6,"column":39}},"3":{"start":{"line":7,"column":0},"end":{"line":7,"column":41}},"4":{"start":{"line":8,"column":0},"end":{"line":8,"column":43}},"5":{"start":{"line":9,"column":0},"end":{"line":9,"column":39}},"6":{"start":{"line":12,"column":0},"end":{"line":12,"column":37}},"7":{"start":{"line":13,"column":0},"end":{"line":13,"column":30}},"8":{"start":{"line":14,"column":0},"end":{"line":14,"column":37}},"9":{"start":{"line":17,"column":0},"end":{"line":17,"column":39}},"10":{"start":{"line":18,"column":0},"end":{"line":18,"column":33}},"11":{"start":{"line":19,"column":0},"end":{"line":19,"column":43}},"12":{"start":{"line":20,"column":0},"end":{"line":20,"column":39}}},"branchMap":{},"code":["'use strict';","","var spdy = exports;","","// Export tools","spdy.handle = require('./spdy/handle');","spdy.request = require('./spdy/request');","spdy.response = require('./spdy/response');","spdy.Socket = require('./spdy/socket');","","// Export client","spdy.agent = require('./spdy/agent');","spdy.Agent = spdy.agent.Agent;","spdy.createAgent = spdy.agent.create;","","// Export server","spdy.server = require('./spdy/server');","spdy.Server = spdy.server.Server;","spdy.PlainServer = spdy.server.PlainServer;","spdy.createServer = spdy.server.create;",""],"l":{"3":1,"6":1,"7":1,"8":1,"9":1,"12":1,"13":1,"14":1,"17":1,"18":1,"19":1,"20":1}},"/home/travis/build/npmtest/node-npmtest-spdy/spdy/lib/spdy/handle.js":{"path":"/home/travis/build/npmtest/node-npmtest-spdy/spdy/lib/spdy/handle.js","s":{"1":1,"2":1,"3":1,"4":1,"5":1,"6":0,"7":0,"8":0,"9":0,"10":0,"11":0,"12":0,"13":0,"14":0,"15":0,"16":0,"17":0,"18":0,"19":0,"20":0,"21":1,"22":1,"23":1,"24":0,"25":1,"26":0,"27":0,"28":0,"29":0,"30":1,"31":0,"32":0,"33":0,"34":0,"35":0,"36":0,"37":0,"38":0,"39":0,"40":0,"41":0,"42":1,"43":0,"44":0,"45":0,"46":0,"47":0,"48":0,"49":0,"50":0,"51":0,"52":1,"53":0,"54":0,"55":0,"56":1,"57":0,"58":0,"59":0,"60":1,"61":0,"62":0,"63":0,"64":0,"65":0,"66":0,"67":0,"68":0,"69":0,"70":0,"71":0,"72":0,"73":0,"74":0,"75":0,"76":0,"77":0,"78":0,"79":0,"80":0,"81":0,"82":0,"83":0,"84":1,"85":0,"86":0,"87":0,"88":1,"89":0,"90":0,"91":0,"92":0,"93":1,"94":0,"95":0,"96":0,"97":0,"98":0,"99":0,"100":0,"101":0,"102":0,"103":0,"104":0,"105":0,"106":0,"107":0,"108":0,"109":0,"110":1,"111":0,"112":0,"113":0,"114":1,"115":0,"116":0},"b":{"1":[0,0],"2":[0,0],"3":[0,0],"4":[0,0],"5":[0,0],"6":[0,0],"7":[0,0],"8":[0,0],"9":[0,0],"10":[0,0],"11":[0,0],"12":[0,0],"13":[0,0],"14":[0,0],"15":[0,0],"16":[0,0],"17":[0,0]},"f":{"1":0,"2":0,"3":0,"4":0,"5":0,"6":0,"7":0,"8":0,"9":0,"10":0,"11":0,"12":0,"13":0,"14":0,"15":0,"16":0,"17":0,"18":0,"19":0,"20":0,"21":0,"22":0,"23":0,"24":0,"25":0,"26":0,"27":0},"fnMap":{"1":{"name":"Handle","line":8,"loc":{"start":{"line":8,"column":0},"end":{"line":8,"column":41}}},"2":{"name":"(anonymous_2)","line":22,"loc":{"start":{"line":22,"column":17},"end":{"line":22,"column":28}}},"3":{"name":"(anonymous_3)","line":25,"loc":{"start":{"line":25,"column":11},"end":{"line":25,"column":30}}},"4":{"name":"(anonymous_4)","line":31,"loc":{"start":{"line":31,"column":22},"end":{"line":31,"column":39}}},"5":{"name":"create","line":39,"loc":{"start":{"line":39,"column":16},"end":{"line":39,"column":57}}},"6":{"name":"_getPeerName","line":43,"loc":{"start":{"line":43,"column":32},"end":{"line":43,"column":56}}},"7":{"name":"_closeCallback","line":52,"loc":{"start":{"line":52,"column":34},"end":{"line":52,"column":68}}},"8":{"name":"(anonymous_8)","line":70,"loc":{"start":{"line":70,"column":28},"end":{"line":70,"column":39}}},"9":{"name":"getStream","line":84,"loc":{"start":{"line":84,"column":29},"end":{"line":84,"column":58}}},"10":{"name":"(anonymous_10)","line":93,"loc":{"start":{"line":93,"column":21},"end":{"line":93,"column":32}}},"11":{"name":"assignSocket","line":102,"loc":{"start":{"line":102,"column":32},"end":{"line":102,"column":71}}},"12":{"name":"onStreamError","line":108,"loc":{"start":{"line":108,"column":2},"end":{"line":108,"column":30}}},"13":{"name":"(anonymous_13)","line":112,"loc":{"start":{"line":112,"column":17},"end":{"line":112,"column":34}}},"14":{"name":"assignClientRequest","line":117,"loc":{"start":{"line":117,"column":39},"end":{"line":117,"column":73}}},"15":{"name":"end","line":127,"loc":{"start":{"line":127,"column":14},"end":{"line":127,"column":29}}},"16":{"name":"send","line":136,"loc":{"start":{"line":136,"column":14},"end":{"line":136,"column":34}}},"17":{"name":"(anonymous_17)","line":148,"loc":{"start":{"line":148,"column":19},"end":{"line":148,"column":36}}},"18":{"name":"(anonymous_18)","line":167,"loc":{"start":{"line":167,"column":19},"end":{"line":167,"column":30}}},"19":{"name":"assignRequest","line":172,"loc":{"start":{"line":172,"column":33},"end":{"line":172,"column":61}}},"20":{"name":"(anonymous_20)","line":174,"loc":{"start":{"line":174,"column":17},"end":{"line":174,"column":34}}},"21":{"name":"(anonymous_21)","line":175,"loc":{"start":{"line":175,"column":25},"end":{"line":175,"column":43}}},"22":{"name":"assignResponse","line":181,"loc":{"start":{"line":181,"column":34},"end":{"line":181,"column":63}}},"23":{"name":"addTrailers","line":184,"loc":{"start":{"line":184,"column":20},"end":{"line":184,"column":50}}},"24":{"name":"(anonymous_24)","line":185,"loc":{"start":{"line":185,"column":19},"end":{"line":185,"column":36}}},"25":{"name":"_transformHeaders","line":191,"loc":{"start":{"line":191,"column":37},"end":{"line":191,"column":79}}},"26":{"name":"emitRequest","line":217,"loc":{"start":{"line":217,"column":31},"end":{"line":217,"column":54}}},"27":{"name":"emitResponse","line":228,"loc":{"start":{"line":228,"column":32},"end":{"line":228,"column":71}}}},"statementMap":{"1":{"start":{"line":3,"column":0},"end":{"line":3,"column":31}},"2":{"start":{"line":4,"column":0},"end":{"line":4,"column":36}},"3":{"start":{"line":5,"column":0},"end":{"line":5,"column":44}},"4":{"start":{"line":6,"column":0},"end":{"line":6,"column":27}},"5":{"start":{"line":8,"column":0},"end":{"line":35,"column":1}},"6":{"start":{"line":9,"column":2},"end":{"line":9,"column":17}},"7":{"start":{"line":10,"column":2},"end":{"line":10,"column":26}},"8":{"start":{"line":12,"column":2},"end":{"line":12,"column":32}},"9":{"start":{"line":14,"column":2},"end":{"line":14,"column":24}},"10":{"start":{"line":15,"column":2},"end":{"line":15,"column":22}},"11":{"start":{"line":16,"column":2},"end":{"line":16,"column":55}},"12":{"start":{"line":17,"column":2},"end":{"line":17,"column":24}},"13":{"start":{"line":18,"column":2},"end":{"line":18,"column":23}},"14":{"start":{"line":20,"column":2},"end":{"line":20,"column":18}},"15":{"start":{"line":21,"column":2},"end":{"line":28,"column":5}},"16":{"start":{"line":23,"column":6},"end":{"line":23,"column":33}},"17":{"start":{"line":26,"column":6},"end":{"line":26,"column":43}},"18":{"start":{"line":30,"column":2},"end":{"line":34,"column":3}},"19":{"start":{"line":31,"column":4},"end":{"line":33,"column":7}},"20":{"start":{"line":32,"column":6},"end":{"line":32,"column":28}},"21":{"start":{"line":36,"column":0},"end":{"line":36,"column":29}},"22":{"start":{"line":37,"column":0},"end":{"line":37,"column":24}},"23":{"start":{"line":39,"column":0},"end":{"line":41,"column":2}},"24":{"start":{"line":40,"column":2},"end":{"line":40,"column":45}},"25":{"start":{"line":43,"column":0},"end":{"line":50,"column":2}},"26":{"start":{"line":44,"column":2},"end":{"line":44,"column":30}},"27":{"start":{"line":46,"column":2},"end":{"line":47,"column":42}},"28":{"start":{"line":47,"column":4},"end":{"line":47,"column":42}},"29":{"start":{"line":49,"column":2},"end":{"line":49,"column":14}},"30":{"start":{"line":52,"column":0},"end":{"line":82,"column":2}},"31":{"start":{"line":53,"column":2},"end":{"line":53,"column":30}},"32":{"start":{"line":54,"column":2},"end":{"line":54,"column":28}},"33":{"start":{"line":56,"column":2},"end":{"line":78,"column":3}},"34":{"start":{"line":62,"column":4},"end":{"line":75,"column":5}},"35":{"start":{"line":68,"column":6},"end":{"line":68,"column":29}},"36":{"start":{"line":69,"column":11},"end":{"line":75,"column":5}},"37":{"start":{"line":70,"column":6},"end":{"line":72,"column":9}},"38":{"start":{"line":71,"column":8},"end":{"line":71,"column":23}},"39":{"start":{"line":74,"column":6},"end":{"line":74,"column":27}},"40":{"start":{"line":77,"column":4},"end":{"line":77,"column":27}},"41":{"start":{"line":81,"column":2},"end":{"line":81,"column":23}},"42":{"start":{"line":84,"column":0},"end":{"line":100,"column":2}},"43":{"start":{"line":85,"column":2},"end":{"line":85,"column":30}},"44":{"start":{"line":87,"column":2},"end":{"line":90,"column":3}},"45":{"start":{"line":88,"column":4},"end":{"line":88,"column":25}},"46":{"start":{"line":89,"column":4},"end":{"line":89,"column":24}},"47":{"start":{"line":92,"column":2},"end":{"line":97,"column":3}},"48":{"start":{"line":93,"column":4},"end":{"line":95,"column":7}},"49":{"start":{"line":94,"column":6},"end":{"line":94,"column":29}},"50":{"start":{"line":96,"column":4},"end":{"line":96,"column":11}},"51":{"start":{"line":99,"column":2},"end":{"line":99,"column":30}},"52":{"start":{"line":102,"column":0},"end":{"line":115,"column":2}},"53":{"start":{"line":103,"column":2},"end":{"line":103,"column":30}},"54":{"start":{"line":105,"column":2},"end":{"line":105,"column":24}},"55":{"start":{"line":106,"column":2},"end":{"line":106,"column":56}},"56":{"start":{"line":108,"column":2},"end":{"line":110,"column":3}},"57":{"start":{"line":109,"column":4},"end":{"line":109,"column":36}},"58":{"start":{"line":112,"column":2},"end":{"line":114,"column":5}},"59":{"start":{"line":113,"column":4},"end":{"line":113,"column":38}},"60":{"start":{"line":117,"column":0},"end":{"line":170,"column":2}},"61":{"start":{"line":118,"column":2},"end":{"line":118,"column":30}},"62":{"start":{"line":119,"column":2},"end":{"line":119,"column":23}},"63":{"start":{"line":120,"column":2},"end":{"line":120,"column":26}},"64":{"start":{"line":123,"column":2},"end":{"line":123,"column":18}},"65":{"start":{"line":126,"column":2},"end":{"line":134,"column":3}},"66":{"start":{"line":127,"column":4},"end":{"line":133,"column":6}},"67":{"start":{"line":128,"column":6},"end":{"line":128,"column":24}},"68":{"start":{"line":130,"column":6},"end":{"line":130,"column":21}},"69":{"start":{"line":132,"column":6},"end":{"line":132,"column":45}},"70":{"start":{"line":136,"column":2},"end":{"line":162,"column":4}},"71":{"start":{"line":137,"column":4},"end":{"line":137,"column":28}},"72":{"start":{"line":141,"column":4},"end":{"line":141,"column":31}},"73":{"start":{"line":144,"column":4},"end":{"line":144,"column":35}},"74":{"start":{"line":148,"column":4},"end":{"line":150,"column":7}},"75":{"start":{"line":149,"column":6},"end":{"line":149,"column":20}},"76":{"start":{"line":153,"column":4},"end":{"line":153,"column":28}},"77":{"start":{"line":155,"column":4},"end":{"line":155,"column":24}},"78":{"start":{"line":158,"column":4},"end":{"line":159,"column":13}},"79":{"start":{"line":159,"column":6},"end":{"line":159,"column":13}},"80":{"start":{"line":161,"column":4},"end":{"line":161,"column":44}},"81":{"start":{"line":165,"column":2},"end":{"line":165,"column":42}},"82":{"start":{"line":167,"column":2},"end":{"line":169,"column":5}},"83":{"start":{"line":168,"column":4},"end":{"line":168,"column":21}},"84":{"start":{"line":172,"column":0},"end":{"line":179,"column":2}},"85":{"start":{"line":174,"column":2},"end":{"line":178,"column":5}},"86":{"start":{"line":175,"column":4},"end":{"line":177,"column":7}},"87":{"start":{"line":176,"column":6},"end":{"line":176,"column":36}},"88":{"start":{"line":181,"column":0},"end":{"line":189,"column":2}},"89":{"start":{"line":182,"column":2},"end":{"line":182,"column":18}},"90":{"start":{"line":184,"column":2},"end":{"line":188,"column":4}},"91":{"start":{"line":185,"column":4},"end":{"line":187,"column":7}},"92":{"start":{"line":186,"column":6},"end":{"line":186,"column":34}},"93":{"start":{"line":191,"column":0},"end":{"line":215,"column":2}},"94":{"start":{"line":192,"column":2},"end":{"line":192,"column":30}},"95":{"start":{"line":194,"column":2},"end":{"line":194,"column":15}},"96":{"start":{"line":195,"column":2},"end":{"line":195,"column":34}},"97":{"start":{"line":197,"column":2},"end":{"line":201,"column":3}},"98":{"start":{"line":198,"column":4},"end":{"line":198,"column":64}},"99":{"start":{"line":199,"column":4},"end":{"line":200,"column":42}},"100":{"start":{"line":200,"column":6},"end":{"line":200,"column":42}},"101":{"start":{"line":203,"column":2},"end":{"line":213,"column":3}},"102":{"start":{"line":204,"column":4},"end":{"line":204,"column":22}},"103":{"start":{"line":205,"column":4},"end":{"line":205,"column":29}},"104":{"start":{"line":207,"column":4},"end":{"line":208,"column":23}},"105":{"start":{"line":208,"column":6},"end":{"line":208,"column":23}},"106":{"start":{"line":209,"column":4},"end":{"line":210,"column":15}},"107":{"start":{"line":210,"column":6},"end":{"line":210,"column":15}},"108":{"start":{"line":212,"column":4},"end":{"line":212,"column":21}},"109":{"start":{"line":214,"column":2},"end":{"line":214,"column":13}},"110":{"start":{"line":217,"column":0},"end":{"line":226,"column":2}},"111":{"start":{"line":218,"column":2},"end":{"line":218,"column":30}},"112":{"start":{"line":219,"column":2},"end":{"line":219,"column":28}},"113":{"start":{"line":221,"column":2},"end":{"line":225,"column":5}},"114":{"start":{"line":228,"column":0},"end":{"line":235,"column":2}},"115":{"start":{"line":229,"column":2},"end":{"line":229,"column":30}},"116":{"start":{"line":231,"column":2},"end":{"line":234,"column":5}}},"branchMap":{"1":{"line":12,"type":"binary-expr","locations":[{"start":{"line":12,"column":18},"end":{"line":12,"column":25}},{"start":{"line":12,"column":29},"end":{"line":12,"column":31}}]},"2":{"line":16,"type":"binary-expr","locations":[{"start":{"line":16,"column":20},"end":{"line":16,"column":26}},{"start":{"line":16,"column":30},"end":{"line":16,"column":54}}]},"3":{"line":30,"type":"if","locations":[{"start":{"line":30,"column":2},"end":{"line":30,"column":2}},{"start":{"line":30,"column":2},"end":{"line":30,"column":2}}]},"4":{"line":46,"type":"if","locations":[{"start":{"line":46,"column":2},"end":{"line":46,"column":2}},{"start":{"line":46,"column":2},"end":{"line":46,"column":2}}]},"5":{"line":56,"type":"if","locations":[{"start":{"line":56,"column":2},"end":{"line":56,"column":2}},{"start":{"line":56,"column":2},"end":{"line":56,"column":2}}]},"6":{"line":62,"type":"if","locations":[{"start":{"line":62,"column":4},"end":{"line":62,"column":4}},{"start":{"line":62,"column":4},"end":{"line":62,"column":4}}]},"7":{"line":69,"type":"if","locations":[{"start":{"line":69,"column":11},"end":{"line":69,"column":11}},{"start":{"line":69,"column":11},"end":{"line":69,"column":11}}]},"8":{"line":87,"type":"if","locations":[{"start":{"line":87,"column":2},"end":{"line":87,"column":2}},{"start":{"line":87,"column":2},"end":{"line":87,"column":2}}]},"9":{"line":92,"type":"if","locations":[{"start":{"line":92,"column":2},"end":{"line":92,"column":2}},{"start":{"line":92,"column":2},"end":{"line":92,"column":2}}]},"10":{"line":126,"type":"if","locations":[{"start":{"line":126,"column":2},"end":{"line":126,"column":2}},{"start":{"line":126,"column":2},"end":{"line":126,"column":2}}]},"11":{"line":158,"type":"if","locations":[{"start":{"line":158,"column":4},"end":{"line":158,"column":4}},{"start":{"line":158,"column":4},"end":{"line":158,"column":4}}]},"12":{"line":158,"type":"binary-expr","locations":[{"start":{"line":158,"column":8},"end":{"line":158,"column":28}},{"start":{"line":158,"column":32},"end":{"line":158,"column":49}}]},"13":{"line":197,"type":"if","locations":[{"start":{"line":197,"column":2},"end":{"line":197,"column":2}},{"start":{"line":197,"column":2},"end":{"line":197,"column":2}}]},"14":{"line":197,"type":"binary-expr","locations":[{"start":{"line":197,"column":6},"end":{"line":197,"column":24}},{"start":{"line":197,"column":28},"end":{"line":197,"column":60}}]},"15":{"line":199,"type":"if","locations":[{"start":{"line":199,"column":4},"end":{"line":199,"column":4}},{"start":{"line":199,"column":4},"end":{"line":199,"column":4}}]},"16":{"line":207,"type":"if","locations":[{"start":{"line":207,"column":4},"end":{"line":207,"column":4}},{"start":{"line":207,"column":4},"end":{"line":207,"column":4}}]},"17":{"line":209,"type":"if","locations":[{"start":{"line":209,"column":4},"end":{"line":209,"column":4}},{"start":{"line":209,"column":4},"end":{"line":209,"column":4}}]}},"code":["'use strict';","","var assert = require('assert');","var thing = require('handle-thing');","var httpDeceiver = require('http-deceiver');","var util = require('util');","","function Handle(options, stream, socket) {","  var state = {};","  this._spdyState = state;","","  state.options = options || {};","","  state.stream = stream;","  state.socket = null;","  state.rawSocket = socket || stream.connection.socket;","  state.deceiver = null;","  state.ending = false;","","  var self = this;","  thing.call(this, stream, {","    getPeerName: function() {","      return self._getPeerName();","    },","    close: function(callback) {","      return self._closeCallback(callback);","    }","  });","","  if (!state.stream) {","    this.on('stream', function(stream) {","      state.stream = stream;","    });","  }","}","util.inherits(Handle, thing);","module.exports = Handle;","","Handle.create = function create(options, stream, socket) {","  return new Handle(options, stream, socket);","};","","Handle.prototype._getPeerName = function _getPeerName() {","  var state = this._spdyState;","","  if (state.rawSocket._getpeername)","    return state.rawSocket._getpeername();","","  return null;","};","","Handle.prototype._closeCallback = function _closeCallback(callback) {","  var state = this._spdyState;","  var stream = state.stream;","","  if (state.ending) {","    // The .end() method of the stream may be called by us or by the","    // .shutdown() method in our super-class. If the latter has already been","    // called, then calling the .end() method below will have no effect, with","    // the result that the callback will never get executed, leading to an ever","    // so subtle memory leak.","    if (stream._writableState.finished) {","      // NOTE: it is important to call `setImmediate` instead of `nextTick`,","      // since this is how regular `handle.close()` works in node.js core.","      //","      // Using `nextTick` will lead to `net.Socket` emitting `close` before","      // `end` on UV_EOF. This results in aborted request without `end` event.","      setImmediate(callback);","    } else if (stream._writableState.ending) {","      stream.once('finish', function() {","        callback(null);","      });","    } else {","      stream.end(callback);","    }","  } else {","    stream.abort(callback);","  }","","  // Only a single end is allowed","  state.ending = false;","};","","Handle.prototype.getStream = function getStream(callback) {","  var state = this._spdyState;","","  if (!callback) {","    assert(state.stream);","    return state.stream;","  }","","  if (state.stream) {","    process.nextTick(function() {","      callback(state.stream);","    });","    return;","  }","","  this.on('stream', callback);","};","","Handle.prototype.assignSocket = function assignSocket(socket, options) {","  var state = this._spdyState;","","  state.socket = socket;","  state.deceiver = httpDeceiver.create(socket, options);","","  function onStreamError(err) {","    state.socket.emit('error', err);","  }","","  this.getStream(function(stream) {","    stream.on('error', onStreamError);","  });","};","","Handle.prototype.assignClientRequest = function assignClientRequest(req) {","  var state = this._spdyState;","  var oldEnd = req.end;","  var oldSend = req._send;","","  // Catch the headers before request will be sent","  var self = this;","","  // For old nodes","  if (thing.mode !== 'modern') {","    req.end = function end() {","      this.end = oldEnd;","","      this._send('');","","      return this.end.apply(this, arguments);","    };","  }","","  req._send = function send(data) {","    this._headerSent = true;","","    // for v0.10 and below, otherwise it will set `hot = false` and include","    // headers in first write","    this._header = 'ignore me';","","    // To prevent exception","    this.connection = state.socket;","","    // It is very important to leave this here, otherwise it will be executed","    // on a next tick, after `_send` will perform write","    self.getStream(function(stream) {","      stream.send();","    });","","    // We are ready to create stream","    self.emit('needStream');","","    req._send = oldSend;","","    // Ignore empty writes","    if (req.method === 'GET' && data.length === 0)","      return;","","    return req._send.apply(this, arguments);","  };","","  // No chunked encoding","  req.useChunkedEncodingByDefault = false;","","  req.on('finish', function() {","    req.socket.end();","  });","};","","Handle.prototype.assignRequest = function assignRequest(req) {","  // Emit trailing headers","  this.getStream(function(stream) {","    stream.on('headers', function(headers) {","      req.emit('trailers', headers);","    });","  });","};","","Handle.prototype.assignResponse = function assignResponse(res) {","  var self = this;","","  res.addTrailers = function addTrailers(headers) {","    self.getStream(function(stream) {","      stream.sendHeaders(headers);","    });","  };","};","","Handle.prototype._transformHeaders = function _transformHeaders(kind, headers) {","  var state = this._spdyState;","","  var res = {};","  var keys = Object.keys(headers);","","  if (kind === 'request' && state.options['x-forwarded-for']) {","    var xforwarded = state.stream.connection.getXForwardedFor();","    if (xforwarded !== null)","      res['x-forwarded-for'] = xforwarded;","  }","","  for (var i = 0; i < keys.length; i++) {","    var key = keys[i];","    var value = headers[key];","","    if (key === ':authority')","      res.host = value;","    if (/^:/.test(key))","      continue;","","    res[key] = value;","  }","  return res;","};","","Handle.prototype.emitRequest = function emitRequest() {","  var state = this._spdyState;","  var stream = state.stream;","","  state.deceiver.emitRequest({","    method: stream.method,","    path: stream.path,","    headers: this._transformHeaders('request', stream.headers)","  });","};","","Handle.prototype.emitResponse = function emitResponse(status, headers) {","  var state = this._spdyState;","","  state.deceiver.emitResponse({","    status: status,","    headers: this._transformHeaders('response', headers)","  });","};",""],"l":{"3":1,"4":1,"5":1,"6":1,"8":1,"9":0,"10":0,"12":0,"14":0,"15":0,"16":0,"17":0,"18":0,"20":0,"21":0,"23":0,"26":0,"30":0,"31":0,"32":0,"36":1,"37":1,"39":1,"40":0,"43":1,"44":0,"46":0,"47":0,"49":0,"52":1,"53":0,"54":0,"56":0,"62":0,"68":0,"69":0,"70":0,"71":0,"74":0,"77":0,"81":0,"84":1,"85":0,"87":0,"88":0,"89":0,"92":0,"93":0,"94":0,"96":0,"99":0,"102":1,"103":0,"105":0,"106":0,"108":1,"109":0,"112":0,"113":0,"117":1,"118":0,"119":0,"120":0,"123":0,"126":0,"127":0,"128":0,"130":0,"132":0,"136":0,"137":0,"141":0,"144":0,"148":0,"149":0,"153":0,"155":0,"158":0,"159":0,"161":0,"165":0,"167":0,"168":0,"172":1,"174":0,"175":0,"176":0,"181":1,"182":0,"184":0,"185":0,"186":0,"191":1,"192":0,"194":0,"195":0,"197":0,"198":0,"199":0,"200":0,"203":0,"204":0,"205":0,"207":0,"208":0,"209":0,"210":0,"212":0,"214":0,"217":1,"218":0,"219":0,"221":0,"228":1,"229":0,"231":0}},"/home/travis/build/npmtest/node-npmtest-spdy/spdy/lib/spdy/request.js":{"path":"/home/travis/build/npmtest/node-npmtest-spdy/spdy/lib/spdy/request.js","s":{"1":1,"2":0,"3":0,"4":0,"5":0,"6":1,"7":0,"8":0,"9":0,"10":0,"11":0,"12":0,"13":0,"14":0,"15":0,"16":0},"b":{"1":[0,0],"2":[0,0],"3":[0,0]},"f":{"1":0,"2":0,"3":0,"4":0,"5":0},"fnMap":{"1":{"name":"attachPush","line":3,"loc":{"start":{"line":3,"column":0},"end":{"line":3,"column":25}}},"2":{"name":"(anonymous_2)","line":6,"loc":{"start":{"line":6,"column":19},"end":{"line":6,"column":36}}},"3":{"name":"(anonymous_3)","line":7,"loc":{"start":{"line":7,"column":29},"end":{"line":7,"column":44}}},"4":{"name":"onNewListener","line":13,"loc":{"start":{"line":13,"column":24},"end":{"line":13,"column":53}}},"5":{"name":"(anonymous_5)","line":24,"loc":{"start":{"line":24,"column":21},"end":{"line":24,"column":32}}}},"statementMap":{"1":{"start":{"line":3,"column":0},"end":{"line":11,"column":1}},"2":{"start":{"line":4,"column":2},"end":{"line":4,"column":34}},"3":{"start":{"line":6,"column":2},"end":{"line":10,"column":5}},"4":{"start":{"line":7,"column":4},"end":{"line":9,"column":7}},"5":{"start":{"line":8,"column":6},"end":{"line":8,"column":29}},"6":{"start":{"line":13,"column":0},"end":{"line":31,"column":2}},"7":{"start":{"line":14,"column":2},"end":{"line":14,"column":17}},"8":{"start":{"line":16,"column":2},"end":{"line":17,"column":11}},"9":{"start":{"line":17,"column":4},"end":{"line":17,"column":11}},"10":{"start":{"line":20,"column":2},"end":{"line":21,"column":11}},"11":{"start":{"line":21,"column":4},"end":{"line":21,"column":11}},"12":{"start":{"line":23,"column":2},"end":{"line":28,"column":3}},"13":{"start":{"line":24,"column":4},"end":{"line":26,"column":7}},"14":{"start":{"line":25,"column":6},"end":{"line":25,"column":22}},"15":{"start":{"line":27,"column":4},"end":{"line":27,"column":11}},"16":{"start":{"line":30,"column":2},"end":{"line":30,"column":18}}},"branchMap":{"1":{"line":16,"type":"if","locations":[{"start":{"line":16,"column":2},"end":{"line":16,"column":2}},{"start":{"line":16,"column":2},"end":{"line":16,"column":2}}]},"2":{"line":20,"type":"if","locations":[{"start":{"line":20,"column":2},"end":{"line":20,"column":2}},{"start":{"line":20,"column":2},"end":{"line":20,"column":2}}]},"3":{"line":23,"type":"if","locations":[{"start":{"line":23,"column":2},"end":{"line":23,"column":2}},{"start":{"line":23,"column":2},"end":{"line":23,"column":2}}]}},"code":["'use strict';","","function attachPush(req) {","  var handle = req.socket._handle;","","  handle.getStream(function(stream) {","    stream.on('pushPromise', function(push) {","      req.emit('push', push);","    });","  });","}","","exports.onNewListener = function onNewListener(type) {","  var req = this;","","  if (type !== 'push')","    return;","","  // Not first listener","  if (req.listeners('push').length !== 0)","    return;","","  if (!req.socket) {","    req.on('socket', function() {","      attachPush(req);","    });","    return;","  }","","  attachPush(req);","};",""],"l":{"3":1,"4":0,"6":0,"7":0,"8":0,"13":1,"14":0,"16":0,"17":0,"20":0,"21":0,"23":0,"24":0,"25":0,"27":0,"30":0}},"/home/travis/build/npmtest/node-npmtest-spdy/spdy/lib/spdy/response.js":{"path":"/home/travis/build/npmtest/node-npmtest-spdy/spdy/lib/spdy/response.js","s":{"1":1,"2":0,"3":0,"4":0,"5":0,"6":0,"7":0,"8":0,"9":0,"10":0,"11":0,"12":0,"13":0,"14":0,"15":0,"16":0,"17":0,"18":0,"19":0,"20":0,"21":0,"22":0,"23":0,"24":0,"25":1,"26":0,"27":0,"28":0,"29":0,"30":0,"31":0,"32":0,"33":0,"34":0,"35":0,"36":1,"37":0,"38":0,"39":0,"40":1,"41":0,"42":0},"b":{"1":[0,0],"2":[0,0],"3":[0,0],"4":[0,0],"5":[0,0],"6":[0,0],"7":[0,0,0,0],"8":[0,0],"9":[0,0],"10":[0,0],"11":[0,0],"12":[0,0],"13":[0,0],"14":[0,0],"15":[0,0]},"f":{"1":0,"2":0,"3":0,"4":0,"5":0},"fnMap":{"1":{"name":"writeHead","line":4,"loc":{"start":{"line":4,"column":20},"end":{"line":4,"column":64}}},"2":{"name":"end","line":63,"loc":{"start":{"line":63,"column":14},"end":{"line":63,"column":53}}},"3":{"name":"(anonymous_3)","line":76,"loc":{"start":{"line":76,"column":34},"end":{"line":76,"column":45}}},"4":{"name":"push","line":81,"loc":{"start":{"line":81,"column":15},"end":{"line":81,"column":54}}},"5":{"name":"writeContinue","line":95,"loc":{"start":{"line":95,"column":24},"end":{"line":95,"column":57}}}},"statementMap":{"1":{"start":{"line":4,"column":0},"end":{"line":61,"column":2}},"2":{"start":{"line":5,"column":2},"end":{"line":5,"column":14}},"3":{"start":{"line":7,"column":2},"end":{"line":15,"column":3}},"4":{"start":{"line":9,"column":4},"end":{"line":9,"column":32}},"5":{"start":{"line":12,"column":4},"end":{"line":13,"column":38}},"6":{"start":{"line":14,"column":4},"end":{"line":14,"column":17}},"7":{"start":{"line":16,"column":2},"end":{"line":16,"column":31}},"8":{"start":{"line":18,"column":2},"end":{"line":32,"column":3}},"9":{"start":{"line":20,"column":4},"end":{"line":26,"column":5}},"10":{"start":{"line":21,"column":6},"end":{"line":21,"column":34}},"11":{"start":{"line":22,"column":6},"end":{"line":25,"column":7}},"12":{"start":{"line":23,"column":8},"end":{"line":23,"column":24}},"13":{"start":{"line":24,"column":8},"end":{"line":24,"column":41}},"14":{"start":{"line":24,"column":15},"end":{"line":24,"column":41}},"15":{"start":{"line":28,"column":4},"end":{"line":28,"column":36}},"16":{"start":{"line":31,"column":4},"end":{"line":31,"column":18}},"17":{"start":{"line":34,"column":2},"end":{"line":47,"column":3}},"18":{"start":{"line":46,"column":4},"end":{"line":46,"column":26}},"19":{"start":{"line":51,"column":2},"end":{"line":53,"column":3}},"20":{"start":{"line":52,"column":4},"end":{"line":52,"column":33}},"21":{"start":{"line":56,"column":2},"end":{"line":56,"column":22}},"22":{"start":{"line":57,"column":2},"end":{"line":57,"column":26}},"23":{"start":{"line":59,"column":2},"end":{"line":60,"column":76}},"24":{"start":{"line":60,"column":4},"end":{"line":60,"column":76}},"25":{"start":{"line":63,"column":0},"end":{"line":79,"column":2}},"26":{"start":{"line":64,"column":2},"end":{"line":65,"column":36}},"27":{"start":{"line":65,"column":4},"end":{"line":65,"column":36}},"28":{"start":{"line":67,"column":2},"end":{"line":68,"column":11}},"29":{"start":{"line":68,"column":4},"end":{"line":68,"column":11}},"30":{"start":{"line":71,"column":2},"end":{"line":71,"column":23}},"31":{"start":{"line":73,"column":2},"end":{"line":73,"column":18}},"32":{"start":{"line":74,"column":2},"end":{"line":74,"column":35}},"33":{"start":{"line":75,"column":2},"end":{"line":75,"column":34}},"34":{"start":{"line":76,"column":2},"end":{"line":78,"column":5}},"35":{"start":{"line":77,"column":4},"end":{"line":77,"column":68}},"36":{"start":{"line":81,"column":0},"end":{"line":93,"column":2}},"37":{"start":{"line":82,"column":
[...]
,"end":{"line":124,"column":5}},"68":{"start":{"line":123,"column":4},"end":{"line":123,"column":21}},"69":{"start":{"line":126,"column":2},"end":{"line":126,"column":18}},"70":{"start":{"line":127,"column":2},"end":{"line":129,"column":5}},"71":{"start":{"line":128,"column":4},"end":{"line":128,"column":27}},"72":{"start":{"line":133,"column":0},"end":{"line":133,"column":49}},"73":{"start":{"line":134,"column":0},"end":{"line":134,"column":41}},"74":{"start":{"line":136,"column":0},"end":{"line":154,"column":1}},"75":{"start":{"line":137,"column":2},"end":{"line":138,"column":32}},"76":{"start":{"line":138,"column":4},"end":{"line":138,"column":32}},"77":{"start":{"line":141,"column":2},"end":{"line":142,"column":34}},"78":{"start":{"line":142,"column":4},"end":{"line":142,"column":34}},"79":{"start":{"line":144,"column":2},"end":{"line":144,"column":59}},"80":{"start":{"line":145,"column":2},"end":{"line":147,"column":40}},"81":{"start":{"line":146,"column":4},"end":{"line":147,"column":40}},"82":{"start":{"line":147,"column":6},"end":{"line":147,"column":40}},"83":{"start":{"line":150,"column":2},"end":{"line":151,"column":32}},"84":{"start":{"line":151,"column":4},"end":{"line":151,"column":32}},"85":{"start":{"line":153,"column":2},"end":{"line":153,"column":30}},"86":{"start":{"line":156,"column":0},"end":{"line":168,"column":2}},"87":{"start":{"line":157,"column":2},"end":{"line":157,"column":55}},"88":{"start":{"line":159,"column":2},"end":{"line":159,"column":18}},"89":{"start":{"line":160,"column":2},"end":{"line":162,"column":5}},"90":{"start":{"line":161,"column":4},"end":{"line":161,"column":45}},"91":{"start":{"line":164,"column":2},"end":{"line":167,"column":5}},"92":{"start":{"line":165,"column":4},"end":{"line":165,"column":40}},"93":{"start":{"line":166,"column":4},"end":{"line":166,"column":21}},"94":{"start":{"line":170,"column":0},"end":{"line":175,"column":2}},"95":{"start":{"line":171,"column":2},"end":{"line":171,"column":30}},"96":{"start":{"line":173,"column":2},"end":{"line":174,"column":42}},"97":{"start":{"line":174,"column":4},"end":{"line":174,"column":42}},"98":{"start":{"line":177,"column":0},"end":{"line":214,"column":2}},"99":{"start":{"line":178,"column":2},"end":{"line":178,"column":30}},"100":{"start":{"line":180,"column":2},"end":{"line":180,"column":67}},"101":{"start":{"line":182,"column":2},"end":{"line":185,"column":4}},"102":{"start":{"line":187,"column":2},"end":{"line":187,"column":13}},"103":{"start":{"line":188,"column":2},"end":{"line":191,"column":43}},"104":{"start":{"line":189,"column":4},"end":{"line":189,"column":70}},"105":{"start":{"line":191,"column":4},"end":{"line":191,"column":43}},"106":{"start":{"line":193,"column":2},"end":{"line":193,"column":30}},"107":{"start":{"line":196,"column":2},"end":{"line":196,"column":25}},"108":{"start":{"line":197,"column":2},"end":{"line":197,"column":25}},"109":{"start":{"line":199,"column":2},"end":{"line":199,"column":30}},"110":{"start":{"line":203,"column":2},"end":{"line":211,"column":3}},"111":{"start":{"line":206,"column":4},"end":{"line":210,"column":7}},"112":{"start":{"line":207,"column":6},"end":{"line":207,"column":26}},"113":{"start":{"line":209,"column":6},"end":{"line":209,"column":37}},"114":{"start":{"line":213,"column":2},"end":{"line":213,"column":23}},"115":{"start":{"line":216,"column":0},"end":{"line":250,"column":2}},"116":{"start":{"line":217,"column":2},"end":{"line":218,"column":62}},"117":{"start":{"line":218,"column":4},"end":{"line":218,"column":62}},"118":{"start":{"line":220,"column":2},"end":{"line":227,"column":3}},"119":{"start":{"line":221,"column":4},"end":{"line":221,"column":30}},"120":{"start":{"line":222,"column":4},"end":{"line":222,"column":23}},"121":{"start":{"line":223,"column":4},"end":{"line":223,"column":24}},"122":{"start":{"line":224,"column":4},"end":{"line":224,"column":23}},"123":{"start":{"line":225,"column":4},"end":{"line":225,"column":24}},"124":{"start":{"line":226,"column":4},"end":{"line":226,"column":62}},"125":{"start":{"line":229,"column":2},"end":{"line":229,"column":38}},"126":{"start":{"line":231,"column":2},"end":{"line":231,"column":20}},"127":{"start":{"line":232,"column":2},"end":{"line":232,"column":63}},"128":{"start":{"line":233,"column":2},"end":{"line":233,"column":20}},"129":{"start":{"line":234,"column":2},"end":{"line":234,"column":36}},"130":{"start":{"line":235,"column":2},"end":{"line":235,"column":38}},"131":{"start":{"line":237,"column":2},"end":{"line":237,"column":28}},"132":{"start":{"line":238,"column":2},"end":{"line":238,"column":42}},"133":{"start":{"line":239,"column":2},"end":{"line":239,"column":30}},"134":{"start":{"line":240,"column":2},"end":{"line":240,"column":32}},"135":{"start":{"line":241,"column":2},"end":{"line":241,"column":50}},"136":{"start":{"line":242,"column":2},"end":{"line":242,"column":38}},"137":{"start":{"line":244,"column":2},"end":{"line":244,"column":17}},"138":{"start":{"line":246,"column":2},"end":{"line":246,"column":28}},"139":{"start":{"line":247,"column":2},"end":{"line":247,"column":29}},"140":{"start":{"line":249,"column":2},"end":{"line":249,"column":60}},"141":{"start":{"line":252,"column":0},"end":{"line":252,"column":43}},"142":{"start":{"line":253,"column":0},"end":{"line":253,"column":47}},"143":{"start":{"line":255,"column":0},"end":{"line":269,"column":2}},"144":{"start":{"line":256,"column":2},"end":{"line":260,"column":3}},"145":{"start":{"line":257,"column":4},"end":{"line":257,"column":22}},"146":{"start":{"line":258,"column":4},"end":{"line":258,"column":19}},"147":{"start":{"line":259,"column":4},"end":{"line":259,"column":16}},"148":{"start":{"line":262,"column":2},"end":{"line":263,"column":54}},"149":{"start":{"line":263,"column":4},"end":{"line":263,"column":54}},"150":{"start":{"line":265,"column":2},"end":{"line":268,"column":51}},"151":{"start":{"line":266,"column":4},"end":{"line":266,"column":56}},"152":{"start":{"line":268,"column":4},"end":{"line":268,"column":51}}},"branchMap":{"1":{"line":39,"type":"binary-expr","locations":[{"start":{"line":39,"column":18},"end":{"line":39,"column":30}},{"start":{"line":39,"column":34},"end":{"line":39,"column":36}}]},"2":{"line":41,"type":"binary-expr","locations":[{"start":{"line":41,"column":18},"end":{"line":41,"column":41}},{"start":{"line":41,"column":45},"end":{"line":45,"column":3}}]},"3":{"line":56,"type":"if","locations":[{"start":{"line":56,"column":2},"end":{"line":56,"column":2}},{"start":{"line":56,"column":2},"end":{"line":56,"column":2}}]},"4":{"line":64,"type":"cond-expr","locations":[{"start":{"line":64,"column":29},"end":{"line":64,"column":47}},{"start":{"line":64,"column":50},"end":{"line":64,"column":62}}]},"5":{"line":70,"type":"if","locations":[{"start":{"line":70,"column":2},"end":{"line":70,"column":2}},{"start":{"line":70,"column":2},"end":{"line":70,"column":2}}]},"6":{"line":75,"type":"if","locations":[{"start":{"line":75,"column":2},"end":{"line":75,"column":2}},{"start":{"line":75,"column":2},"end":{"line":75,"column":2}}]},"7":{"line":85,"type":"if","locations":[{"start":{"line":85,"column":2},"end":{"line":85,"column":2}},{"start":{"line":85,"column":2},"end":{"line":85,"column":2}}]},"8":{"line":86,"type":"binary-expr","locations":[{"start":{"line":86,"column":15},"end":{"line":86,"column":33}},{"start":{"line":86,"column":37},"end":{"line":86,"column":56}}]},"9":{"line":94,"type":"if","locations":[{"start":{"line":94,"column":2},"end":{"line":94,"column":2}},{"start":{"line":94,"column":2},"end":{"line":94,"column":2}}]},"10":{"line":100,"type":"if","locations":[{"start":{"line":100,"column":2},"end":{"line":100,"column":2}},{"start":{"line":100,"column":2},"end":{"line":100,"column":2}}]},"11":{"line":100,"type":"binary-expr","locations":[{"start":{"line":100,"column":6},"end":{"line":100,"column":15}},{"start":{"line":100,"column":19},"end":{"line":100,"column":42}},{"start":{"line":100,"column":46},"end":{"line":100,"column":69}}]},"12":{"line":108,"type":"cond-expr","locations":[{"start":{"line":108,"column":38},"end":{"line":108,"column":44}},{"start":{"line":108,"column":47},"end":{"line":108,"column":54}}]},"13":{"line":110,"type":"binary-expr","locations":[{"start":{"line":110,"column":5},"end":{"line":110,"column":29}},{"start":{"line":110,"column":33},"end":{"line":110,"column":35}}]},"14":{"line":113,"type":"if","locations":[{"start":{"line":113,"column":2},"end":{"line":113,"column":2}},{"start":{"line":113,"column":2},"end":{"line":113,"column":2}}]},"15":{"line":115,"type":"if","locations":[{"start":{"line":115,"column":7},"end":{"line":115,"column":7}},{"start":{"line":115,"column":7},"end":{"line":115,"column":7}}]},"16":{"line":117,"type":"if","locations":[{"start":{"line":117,"column":7},"end":{"line":117,"column":7}},{"start":{"line":117,"column":7},"end":{"line":117,"column":7}}]},"17":{"line":119,"type":"if","locations":[{"start":{"line":119,"column":7},"end":{"line":119,"column":7}},{"start":{"line":119,"column":7},"end":{"line":119,"column":7}}]},"18":{"line":137,"type":"if","locations":[{"start":{"line":137,"column":2},"end":{"line":137,"column":2}},{"start":{"line":137,"column":2},"end":{"line":137,"column":2}}]},"19":{"line":141,"type":"if","locations":[{"start":{"line":141,"column":2},"end":{"line":141,"column":2}},{"start":{"line":141,"column":2},"end":{"line":141,"column":2}}]},"20":{"line":146,"type":"if","locations":[{"start":{"line":146,"column":4},"end":{"line":146,"column":4}},{"start":{"line":146,"column":4},"end":{"line":146,"column":4}}]},"21":{"line":150,"type":"if","locations":[{"start":{"line":150,"column":2},"end":{"line":150,"column":2}},{"start":{"line":150,"column":2},"end":{"line":150,"column":2}}]},"22":{"line":188,"type":"if","locations":[{"start":{"line":188,"column":2},"end":{"line":188,"column":2}},{"start":{"line":188,"column":2},"end":{"line":188,"column":2}}]},"23":{"line":203,"type":"if","locations":[{"start":{"line":203,"column":2},"end":{"line":203,"column":2}},{"start":{"line":203,"column":2},"end":{"line":203,"column":2}}]},"24":{"line":203,"type":"binary-expr","locations":[{"start":{"line":203,"column":6},"end":{"line":203,"column":41}},{"start":{"line":204,"column":6},"end":{"line":204,"column":49}},{"start":{"line":205,"column":6},"end":{"line":205,"column":61}}]},"25":{"line":217,"type":"if","locations":[{"start":{"line":217,"column":2},"end":{"line":217,"column":2}},{"start":{"line":217,"column":2},"end":{"line":217,"column":2}}]},"26":{"line":217,"type":"binary-expr","locations":[{"start":{"line":217,"column":6},"end":{"line":217,"column":25}},{"start":{"line":217,"column":29},"end":{"line":217,"column":54}}]},"27":{"line":220,"type":"if","locations":[{"start":{"line":220,"column":2},"end":{"line":220,"column":2}},{"start":{"line":220,"column":2},"end":{"line":220,"column":2}}]},"28":{"line":256,"type":"if","locations":[{"start":{"line":256,"column":2},"end":{"line":256,"column":2}},{"start":{"line":256,"column":2},"end":{"line":256,"column":2}}]},"29":{"line":262,"type":"if","locations":[{"start":{"line":262,"column":2},"end":{"line":262,"column":2}},{"start":{"line":262,"column":2},"end":{"line":262,"column":2}}]},"30":{"line":265,"type":"if","locations":[{"start":{"line":265,"column":2},"end":{"line":265,"column":2}},{"start":{"line":265,"column":2},"end":{"line":265,"column":2}}]},"31":{"line":265,"type":"binary-expr","locations":[{"start":{"line":265,"column":6},"end":{"line":265,"column":18}},{"start":{"line":265,"column":22},"end":{"line":265,"column":40}}]}},"code":["'use strict';","","var assert = require('assert');","var https = require('https');","var http = require('http');","var tls = require('tls');","var net = require('net');","var util = require('util');","var selectHose = require('select-hose');","var transport = require('spdy-transport');","var debug = require('debug')('spdy:server');","var EventEmitter = require('events').EventEmitter;","","var spdy = require('../spdy');","","var proto = {};","","function instantiate(base) {","  function Server(options, handler) {","    this._init(base, options, handler);","  }","  util.inherits(Server, base);","","  Server.create = function create(options, handler) {","    return new Server(options, handler);","  };","","  Object.keys(proto).forEach(function(key) {","    Server.prototype[key] = proto[key];","  });","","  return Server;","}","","proto._init = function _init(base, options, handler) {","  var state = {};","  this._spdyState = state;","","  state.options = options.spdy || {};","","  var protocols = state.options.protocols || [","    'h2',","    'spdy/3.1', 'spdy/3', 'spdy/2',","    'http/1.1', 'http/1.0'","  ];","","  var actualOptions = util._extend({","    NPNProtocols: protocols,","","    // Future-proof","    ALPNProtocols: protocols","  }, options);","","  state.secure = this instanceof tls.Server;","","  if (state.secure)","    base.call(this, actualOptions);","  else","    base.call(this);","","  // Support HEADERS+FIN","  this.httpAllowHalfOpen = true;","","  var event = state.secure ? 'secureConnection' : 'connection';","","  state.listeners = this.listeners(event).slice();","  assert(state.listeners.length > 0, 'Server does not have default listeners');","  this.removeAllListeners(event);","","  if (state.options.plain)","    this.on(event, this._onPlainConnection);","  else","    this.on(event, this._onConnection);","","  if (handler)","    this.on('request', handler);","","  debug('server init secure=%d', state.secure);","};","","proto._onConnection = function _onConnection(socket) {","  var state = this._spdyState;","","  var protocol;","  if (state.secure)","    protocol = socket.npnProtocol || socket.alpnProtocol;","","  this._handleConnection(socket, protocol);","};","","proto._handleConnection = function _handleConnection(socket, protocol) {","  var state = this._spdyState;","","  if (!protocol)","    protocol = state.options.protocol;","","  debug('incoming socket protocol=%j', protocol);","","  // No way we can do anything with the socket","  if (!protocol || protocol === 'http/1.1' || protocol === 'http/1.0') {","    debug('to default handler it goes');","    return this._invokeDefault(socket);","  }","","  socket.setNoDelay(true);","","  var connection = transport.connection.create(socket, util._extend({","    protocol: /spdy/.test(protocol) ? 'spdy' : 'http2',","    isServer: true","  }, state.options.connection || {}));","","  // Set version when we are certain","  if (protocol === 'http2')","    connection.start(4);","  else if (protocol === 'spdy/3.1')","    connection.start(3.1);","  else if (protocol === 'spdy/3')","    connection.start(3);","  else if (protocol === 'spdy/2')","    connection.start(2);","","  connection.on('error', function() {","    socket.destroy();","  });","","  var self = this;","  connection.on('stream', function(stream) {","    self._onStream(stream);","  });","};","","// HTTP2 preface","var PREFACE = 'PRI * HTTP/2.0\\r\\n\\r\\nSM\\r\\n\\r\\n';","var PREFACE_BUFFER = new Buffer(PREFACE);","","function hoseFilter(data, callback) {","  if (data.length < 1)","    return callback(null, null);","","  // SPDY!","  if (data[0] === 0x80)","    return callback(null, 'spdy');","","  var avail = Math.min(data.length, PREFACE_BUFFER.length);","  for (var i = 0; i < avail; i++)","    if (data[i] !== PREFACE_BUFFER[i])","      return callback(null, 'http/1.1');","","  // Not enough bytes to be sure about HTTP2","  if (avail !== PREFACE_BUFFER.length)","    return callback(null, null);","","  return callback(null, 'h2');","}","","proto._onPlainConnection = function _onPlainConnection(socket) {","  var hose = selectHose.create(socket, {}, hoseFilter);","","  var self = this;","  hose.on('select', function(protocol, socket) {","    self._handleConnection(socket, protocol);","  });","","  hose.on('error', function(err) {","    debug('hose error %j', err.message);","    socket.destroy();","  });","};","","proto._invokeDefault = function _invokeDefault(socket) {","  var state = this._spdyState;","","  for (var i = 0; i < state.listeners.length; i++)","    state.listeners[i].call(this, socket);","};","","proto._onStream = function _onStream(stream) {","  var state = this._spdyState;","","  var handle = spdy.handle.create(this._spdyState.options, stream);","","  var socketOptions = {","    handle: handle,","    allowHalfOpen: true","  };","","  var socket;","  if (state.secure)","    socket = new spdy.Socket(stream.connection.socket, socketOptions);","  else","    socket = new net.Socket(socketOptions);","","  handle.assignSocket(socket);","","  // For v0.8","  socket.readable = true;","  socket.writable = true;","","  this._invokeDefault(socket);","","  // Add lazy `checkContinue` listener, otherwise `res.writeContinue` will be","  // called before the response object was patched by us.","  if (stream.headers.expect !== undefined &&","      /100-continue/i.test(stream.headers.expect) &&","      EventEmitter.listenerCount(this, 'checkContinue') === 0) {","    this.once('checkContinue', function(req, res) {","      res.writeContinue();","","      this.emit('request', req, res);","    });","  }","","  handle.emitRequest();","};","","proto.emit = function emit(event, req, res) {","  if (event !== 'request' && event !== 'checkContinue')","    return EventEmitter.prototype.emit.apply(this, arguments);","","  if (!(req.socket._handle instanceof spdy.handle)) {","    debug('not spdy req/res');","    req.isSpdy = false;","    req.spdyVersion = 1;","    res.isSpdy = false;","    res.spdyVersion = 1;","    return EventEmitter.prototype.emit.apply(this, arguments);","  }","","  var handle = req.connection._handle;","","  req.isSpdy = true;","  req.spdyVersion = handle.getStream().connection.getVersion();","  res.isSpdy = true;","  res.spdyVersion = req.spdyVersion;","  req.spdyStream = handle.getStream();","","  debug('override req/res');","  res.writeHead = spdy.response.writeHead;","  res.end = spdy.response.end;","  res.push = spdy.response.push;","  res.writeContinue = spdy.response.writeContinue;","  res.spdyStream = handle.getStream();","","  res._req = req;","","  handle.assignRequest(req);","  handle.assignResponse(res);","","  return EventEmitter.prototype.emit.apply(this, arguments);","};","","exports.Server = instantiate(https.Server);","exports.PlainServer = instantiate(http.Server);","","exports.create = function create(base, options, handler) {","  if (typeof base === 'object') {","    handler = options;","    options = base;","    base = null;","  }","","  if (base)","    return instantiate(base).create(options, handler);","","  if (options.spdy && options.spdy.plain)","    return exports.PlainServer.create(options, handler);","  else","    return exports.Server.create(options, handler);","};",""],"l":{"3":1,"4":1,"5":1,"6":1,"7":1,"8":1,"9":1,"10":1,"11":1,"12":1,"14":1,"16":1,"18":1,"19":1,"20":0,"22":2,"24":2,"25":0,"28":2,"29":14,"32":2,"35":1,"36":0,"37":0,"39":0,"41":0,"47":0,"54":0,"56":0,"57":0,"59":0,"62":0,"64":0,"66":0,"67":0,"68":0,"70":0,"71":0,"73":0,"75":0,"76":0,"78":0,"81":1,"82":0,"84":0,"85":0,"86":0,"88":0,"91":1,"92":0,"94":0,"95":0,"97":0,"100":0,"101":0,"102":0,"105":0,"107":0,"113":0,"114":0,"115":0,"116":0,"117":0,"118":0,"119":0,"120":0,"122":0,"123":0,"126":0,"127":0,"128":0,"133":1,"134":1,"136":1,"137":0,"138":0,"141":0,"142":0,"144":0,"145":0,"146":0,"147":0,"150":0,"151":0,"153":0,"156":1,"157":0,"159":0,"160":0,"161":0,"164":0,"165":0,"166":0,"170":1,"171":0,"173":0,"174":0,"177":1,"178":0,"180":0,"182":0,"187":0,"188":0,"189":0,"191":0,"193":0,"196":0,"197":0,"199":0,"203":0,"206":0,"207":0,"209":0,"213":0,"216":1,"217":0,"218":0,"220":0,"221":0,"222":0,"223":0,"224":0,"225":0,"226":0,"229":0,"231":0,"232":0,"233":0,"234":0,"235":0,"237":0,"238":0,"239":0,"240":0,"241":0,"242":0,"244":0,"246":0,"247":0,"249":0,"252":1,"253":1,"255":1,"256":0,"257":0,"258":0,"259":0,"262":0,"263":0,"265":0,"266":0,"268":0}}}